{"C:\\Users\\Samuel\\Documents\\GitHub\\celix\\backend\\src\\app.js": {"path":"C:\\Users\\Samuel\\Documents\\GitHub\\celix\\backend\\src\\app.js","statementMap":{"0":{"start":{"line":10,"column":12},"end":{"line":10,"column":21}},"1":{"start":{"line":12,"column":0},"end":{"line":12,"column":16}},"2":{"start":{"line":13,"column":0},"end":{"line":13,"column":24}},"3":{"start":{"line":15,"column":0},"end":{"line":17,"column":3}},"4":{"start":{"line":16,"column":2},"end":{"line":16,"column":47}},"5":{"start":{"line":19,"column":0},"end":{"line":33,"column":3}},"6":{"start":{"line":20,"column":18},"end":{"line":20,"column":48}},"7":{"start":{"line":22,"column":2},"end":{"line":27,"column":3}},"8":{"start":{"line":23,"column":4},"end":{"line":26,"column":7}},"9":{"start":{"line":29,"column":2},"end":{"line":32,"column":5}},"10":{"start":{"line":35,"column":0},"end":{"line":35,"column":68}},"11":{"start":{"line":36,"column":0},"end":{"line":36,"column":27}},"12":{"start":{"line":38,"column":0},"end":{"line":38,"column":25}},"13":{"start":{"line":39,"column":0},"end":{"line":39,"column":22}}},"fnMap":{"0":{"name":"(anonymous_0)","decl":{"start":{"line":15,"column":19},"end":{"line":15,"column":20}},"loc":{"start":{"line":15,"column":33},"end":{"line":17,"column":1}},"line":15},"1":{"name":"(anonymous_1)","decl":{"start":{"line":19,"column":18},"end":{"line":19,"column":19}},"loc":{"start":{"line":19,"column":32},"end":{"line":33,"column":1}},"line":19}},"branchMap":{"0":{"loc":{"start":{"line":22,"column":2},"end":{"line":27,"column":3}},"type":"if","locations":[{"start":{"line":22,"column":2},"end":{"line":27,"column":3}},{"start":{},"end":{}}],"line":22}},"s":{"0":0,"1":0,"2":0,"3":0,"4":0,"5":0,"6":0,"7":0,"8":0,"9":0,"10":0,"11":0,"12":0,"13":0},"f":{"0":0,"1":0},"b":{"0":[0,0]},"inputSourceMap":null}
,"C:\\Users\\Samuel\\Documents\\GitHub\\celix\\backend\\src\\config\\db.js": {"path":"C:\\Users\\Samuel\\Documents\\GitHub\\celix\\backend\\src\\config\\db.js","statementMap":{"0":{"start":{"line":3,"column":25},"end":{"line":19,"column":1}},"1":{"start":{"line":4,"column":2},"end":{"line":18,"column":3}},"2":{"start":{"line":5,"column":16},"end":{"line":5,"column":37}},"3":{"start":{"line":6,"column":4},"end":{"line":9,"column":5}},"4":{"start":{"line":7,"column":6},"end":{"line":7,"column":76}},"5":{"start":{"line":8,"column":6},"end":{"line":8,"column":13}},"6":{"start":{"line":11,"column":4},"end":{"line":11,"column":32}},"7":{"start":{"line":13,"column":4},"end":{"line":13,"column":39}},"8":{"start":{"line":15,"column":4},"end":{"line":15,"column":64}}},"fnMap":{"0":{"name":"(anonymous_0)","decl":{"start":{"line":3,"column":25},"end":{"line":3,"column":26}},"loc":{"start":{"line":3,"column":37},"end":{"line":19,"column":1}},"line":3}},"branchMap":{"0":{"loc":{"start":{"line":6,"column":4},"end":{"line":9,"column":5}},"type":"if","locations":[{"start":{"line":6,"column":4},"end":{"line":9,"column":5}},{"start":{},"end":{}}],"line":6}},"s":{"0":0,"1":0,"2":0,"3":0,"4":0,"5":0,"6":0,"7":0,"8":0},"f":{"0":0},"b":{"0":[0,0]},"inputSourceMap":null}
,"C:\\Users\\Samuel\\Documents\\GitHub\\celix\\backend\\src\\config\\swagger.js": {"path":"C:\\Users\\Samuel\\Documents\\GitHub\\celix\\backend\\src\\config\\swagger.js","statementMap":{"0":{"start":{"line":3,"column":26},"end":{"line":25,"column":1}},"1":{"start":{"line":27,"column":16},"end":{"line":30,"column":1}},"2":{"start":{"line":32,"column":27},"end":{"line":32,"column":48}}},"fnMap":{},"branchMap":{},"s":{"0":0,"1":0,"2":0},"f":{},"b":{},"inputSourceMap":null}
,"C:\\Users\\Samuel\\Documents\\GitHub\\celix\\backend\\src\\controllers\\admin.controller.js": {"path":"C:\\Users\\Samuel\\Documents\\GitHub\\celix\\backend\\src\\controllers\\admin.controller.js","statementMap":{"0":{"start":{"line":13,"column":25},"end":{"line":45,"column":1}},"1":{"start":{"line":14,"column":2},"end":{"line":44,"column":30}},"2":{"start":{"line":15,"column":17},"end":{"line":15,"column":59}},"3":{"start":{"line":16,"column":18},"end":{"line":16,"column":63}},"4":{"start":{"line":17,"column":17},"end":{"line":17,"column":35}},"5":{"start":{"line":19,"column":19},"end":{"line":19,"column":39}},"6":{"start":{"line":20,"column":4},"end":{"line":20,"column":79}},"7":{"start":{"line":20,"column":21},"end":{"line":20,"column":79}},"8":{"start":{"line":21,"column":4},"end":{"line":22,"column":68}},"9":{"start":{"line":21,"column":40},"end":{"line":21,"column":61}},"10":{"start":{"line":22,"column":9},"end":{"line":22,"column":68}},"11":{"start":{"line":22,"column":46},"end":{"line":22,"column":68}},"12":{"start":{"line":24,"column":27},"end":{"line":31,"column":6}},"13":{"start":{"line":33,"column":42},"end":{"line":36,"column":6}},"14":{"start":{"line":38,"column":4},"end":{"line":43,"column":7}},"15":{"start":{"line":44,"column":18},"end":{"line":44,"column":28}},"16":{"start":{"line":47,"column":24},"end":{"line":67,"column":1}},"17":{"start":{"line":48,"column":2},"end":{"line":66,"column":30}},"18":{"start":{"line":49,"column":17},"end":{"line":53,"column":45}},"19":{"start":{"line":55,"column":4},"end":{"line":55,"column":89}},"20":{"start":{"line":55,"column":15},"end":{"line":55,"column":89}},"21":{"start":{"line":57,"column":4},"end":{"line":63,"column":5}},"22":{"start":{"line":58,"column":6},"end":{"line":62,"column":30}},"23":{"start":{"line":65,"column":4},"end":{"line":65,"column":40}},"24":{"start":{"line":66,"column":18},"end":{"line":66,"column":28}},"25":{"start":{"line":69,"column":27},"end":{"line":89,"column":1}},"26":{"start":{"line":70,"column":2},"end":{"line":88,"column":30}},"27":{"start":{"line":71,"column":17},"end":{"line":75,"column":45}},"28":{"start":{"line":77,"column":4},"end":{"line":77,"column":89}},"29":{"start":{"line":77,"column":15},"end":{"line":77,"column":89}},"30":{"start":{"line":79,"column":4},"end":{"line":85,"column":5}},"31":{"start":{"line":80,"column":6},"end":{"line":84,"column":30}},"32":{"start":{"line":87,"column":4},"end":{"line":87,"column":40}},"33":{"start":{"line":88,"column":18},"end":{"line":88,"column":28}},"34":{"start":{"line":91,"column":26},"end":{"line":103,"column":1}},"35":{"start":{"line":92,"column":2},"end":{"line":102,"column":30}},"36":{"start":{"line":93,"column":17},"end":{"line":97,"column":5}},"37":{"start":{"line":99,"column":4},"end":{"line":99,"column":89}},"38":{"start":{"line":99,"column":15},"end":{"line":99,"column":89}},"39":{"start":{"line":101,"column":4},"end":{"line":101,"column":61}},"40":{"start":{"line":102,"column":18},"end":{"line":102,"column":28}},"41":{"start":{"line":107,"column":25},"end":{"line":145,"column":1}},"42":{"start":{"line":108,"column":2},"end":{"line":144,"column":30}},"43":{"start":{"line":109,"column":17},"end":{"line":109,"column":59}},"44":{"start":{"line":110,"column":18},"end":{"line":110,"column":63}},"45":{"start":{"line":111,"column":17},"end":{"line":111,"column":35}},"46":{"start":{"line":113,"column":19},"end":{"line":113,"column":21}},"47":{"start":{"line":114,"column":4},"end":{"line":120,"column":5}},"48":{"start":{"line":115,"column":6},"end":{"line":119,"column":8}},"49":{"start":{"line":121,"column":4},"end":{"line":122,"column":70}},"50":{"start":{"line":121,"column":43},"end":{"line":121,"column":67}},"51":{"start":{"line":122,"column":9},"end":{"line":122,"column":70}},"52":{"start":{"line":122,"column":45},"end":{"line":122,"column":70}},"53":{"start":{"line":124,"column":27},"end":{"line":131,"column":6}},"54":{"start":{"line":133,"column":44},"end":{"line":136,"column":6}},"55":{"start":{"line":138,"column":4},"end":{"line":143,"column":7}},"56":{"start":{"line":144,"column":18},"end":{"line":144,"column":28}},"57":{"start":{"line":147,"column":25},"end":{"line":176,"column":1}},"58":{"start":{"line":148,"column":2},"end":{"line":175,"column":30}},"59":{"start":{"line":150,"column":4},"end":{"line":152,"column":5}},"60":{"start":{"line":151,"column":6},"end":{"line":151,"column":93}},"61":{"start":{"line":154,"column":17},"end":{"line":158,"column":44}},"62":{"start":{"line":160,"column":4},"end":{"line":160,"column":92}},"63":{"start":{"line":160,"column":15},"end":{"line":160,"column":92}},"64":{"start":{"line":162,"column":4},"end":{"line":172,"column":5}},"65":{"start":{"line":163,"column":6},"end":{"line":169,"column":9}},"66":{"start":{"line":168,"column":8},"end":{"line":168,"column":64}},"67":{"start":{"line":171,"column":6},"end":{"line":171,"column":92}},"68":{"start":{"line":174,"column":4},"end":{"line":174,"column":40}},"69":{"start":{"line":175,"column":18},"end":{"line":175,"column":28}},"70":{"start":{"line":178,"column":27},"end":{"line":197,"column":1}},"71":{"start":{"line":179,"column":2},"end":{"line":196,"column":30}},"72":{"start":{"line":180,"column":17},"end":{"line":184,"column":44}},"73":{"start":{"line":186,"column":4},"end":{"line":186,"column":92}},"74":{"start":{"line":186,"column":15},"end":{"line":186,"column":92}},"75":{"start":{"line":188,"column":4},"end":{"line":193,"column":5}},"76":{"start":{"line":189,"column":6},"end":{"line":192,"column":30}},"77":{"start":{"line":195,"column":4},"end":{"line":195,"column":40}},"78":{"start":{"line":196,"column":18},"end":{"line":196,"column":28}},"79":{"start":{"line":201,"column":26},"end":{"line":229,"column":1}},"80":{"start":{"line":202,"column":2},"end":{"line":228,"column":30}},"81":{"start":{"line":203,"column":17},"end":{"line":203,"column":59}},"82":{"start":{"line":204,"column":18},"end":{"line":204,"column":63}},"83":{"start":{"line":205,"column":17},"end":{"line":205,"column":35}},"84":{"start":{"line":207,"column":19},"end":{"line":207,"column":21}},"85":{"start":{"line":208,"column":4},"end":{"line":208,"column":75}},"86":{"start":{"line":208,"column":21},"end":{"line":208,"column":75}},"87":{"start":{"line":209,"column":4},"end":{"line":210,"column":68}},"88":{"start":{"line":209,"column":40},"end":{"line":209,"column":61}},"89":{"start":{"line":210,"column":9},"end":{"line":210,"column":68}},"90":{"start":{"line":210,"column":46},"end":{"line":210,"column":68}},"91":{"start":{"line":212,"column":28},"end":{"line":215,"column":6}},"92":{"start":{"line":217,"column":42},"end":{"line":220,"column":6}},"93":{"start":{"line":222,"column":4},"end":{"line":227,"column":7}},"94":{"start":{"line":228,"column":18},"end":{"line":228,"column":28}},"95":{"start":{"line":231,"column":25},"end":{"line":243,"column":1}},"96":{"start":{"line":232,"column":2},"end":{"line":242,"column":30}},"97":{"start":{"line":233,"column":18},"end":{"line":237,"column":5}},"98":{"start":{"line":239,"column":4},"end":{"line":239,"column":92}},"99":{"start":{"line":239,"column":16},"end":{"line":239,"column":92}},"100":{"start":{"line":241,"column":4},"end":{"line":241,"column":41}},"101":{"start":{"line":242,"column":18},"end":{"line":242,"column":28}},"102":{"start":{"line":245,"column":28},"end":{"line":257,"column":1}},"103":{"start":{"line":246,"column":2},"end":{"line":256,"column":30}},"104":{"start":{"line":247,"column":18},"end":{"line":251,"column":5}},"105":{"start":{"line":253,"column":4},"end":{"line":253,"column":92}},"106":{"start":{"line":253,"column":16},"end":{"line":253,"column":92}},"107":{"start":{"line":255,"column":4},"end":{"line":255,"column":41}},"108":{"start":{"line":256,"column":18},"end":{"line":256,"column":28}}},"fnMap":{"0":{"name":"(anonymous_0)","decl":{"start":{"line":13,"column":25},"end":{"line":13,"column":26}},"loc":{"start":{"line":13,"column":51},"end":{"line":45,"column":1}},"line":13},"1":{"name":"(anonymous_1)","decl":{"start":{"line":47,"column":24},"end":{"line":47,"column":25}},"loc":{"start":{"line":47,"column":50},"end":{"line":67,"column":1}},"line":47},"2":{"name":"(anonymous_2)","decl":{"start":{"line":69,"column":27},"end":{"line":69,"column":28}},"loc":{"start":{"line":69,"column":53},"end":{"line":89,"column":1}},"line":69},"3":{"name":"(anonymous_3)","decl":{"start":{"line":91,"column":26},"end":{"line":91,"column":27}},"loc":{"start":{"line":91,"column":52},"end":{"line":103,"column":1}},"line":91},"4":{"name":"(anonymous_4)","decl":{"start":{"line":107,"column":25},"end":{"line":107,"column":26}},"loc":{"start":{"line":107,"column":51},"end":{"line":145,"column":1}},"line":107},"5":{"name":"(anonymous_5)","decl":{"start":{"line":147,"column":25},"end":{"line":147,"column":26}},"loc":{"start":{"line":147,"column":51},"end":{"line":176,"column":1}},"line":147},"6":{"name":"(anonymous_6)","decl":{"start":{"line":167,"column":15},"end":{"line":167,"column":16}},"loc":{"start":{"line":167,"column":22},"end":{"line":169,"column":7}},"line":167},"7":{"name":"(anonymous_7)","decl":{"start":{"line":178,"column":27},"end":{"line":178,"column":28}},"loc":{"start":{"line":178,"column":53},"end":{"line":197,"column":1}},"line":178},"8":{"name":"(anonymous_8)","decl":{"start":{"line":201,"column":26},"end":{"line":201,"column":27}},"loc":{"start":{"line":201,"column":52},"end":{"line":229,"column":1}},"line":201},"9":{"name":"(anonymous_9)","decl":{"start":{"line":231,"column":25},"end":{"line":231,"column":26}},"loc":{"start":{"line":231,"column":51},"end":{"line":243,"column":1}},"line":231},"10":{"name":"(anonymous_10)","decl":{"start":{"line":245,"column":28},"end":{"line":245,"column":29}},"loc":{"start":{"line":245,"column":54},"end":{"line":257,"column":1}},"line":245}},"branchMap":{"0":{"loc":{"start":{"line":15,"column":29},"end":{"line":15,"column":58}},"type":"binary-expr","locations":[{"start":{"line":15,"column":29},"end":{"line":15,"column":53}},{"start":{"line":15,"column":57},"end":{"line":15,"column":58}}],"line":15},"1":{"loc":{"start":{"line":16,"column":31},"end":{"line":16,"column":62}},"type":"binary-expr","locations":[{"start":{"line":16,"column":31},"end":{"line":16,"column":56}},{"start":{"line":16,"column":60},"end":{"line":16,"column":62}}],"line":16},"2":{"loc":{"start":{"line":20,"column":4},"end":{"line":20,"column":79}},"type":"if","locations":[{"start":{"line":20,"column":4},"end":{"line":20,"column":79}},{"start":{},"end":{}}],"line":20},"3":{"loc":{"start":{"line":21,"column":4},"end":{"line":22,"column":68}},"type":"if","locations":[{"start":{"line":21,"column":4},"end":{"line":22,"column":68}},{"start":{"line":22,"column":9},"end":{"line":22,"column":68}}],"line":21},"4":{"loc":{"start":{"line":22,"column":9},"end":{"line":22,"column":68}},"type":"if","locations":[{"start":{"line":22,"column":9},"end":{"line":22,"column":68}},{"start":{},"end":{}}],"line":22},"5":{"loc":{"start":{"line":55,"column":4},"end":{"line":55,"column":89}},"type":"if","locations":[{"start":{"line":55,"column":4},"end":{"line":55,"column":89}},{"start":{},"end":{}}],"line":55},"6":{"loc":{"start":{"line":57,"column":4},"end":{"line":63,"column":5}},"type":"if","locations":[{"start":{"line":57,"column":4},"end":{"line":63,"column":5}},{"start":{},"end":{}}],"line":57},"7":{"loc":{"start":{"line":77,"column":4},"end":{"line":77,"column":89}},"type":"if","locations":[{"start":{"line":77,"column":4},"end":{"line":77,"column":89}},{"start":{},"end":{}}],"line":77},"8":{"loc":{"start":{"line":79,"column":4},"end":{"line":85,"column":5}},"type":"if","locations":[{"start":{"line":79,"column":4},"end":{"line":85,"column":5}},{"start":{},"end":{}}],"line":79},"9":{"loc":{"start":{"line":99,"column":4},"end":{"line":99,"column":89}},"type":"if","locations":[{"start":{"line":99,"column":4},"end":{"line":99,"column":89}},{"start":{},"end":{}}],"line":99},"10":{"loc":{"start":{"line":109,"column":29},"end":{"line":109,"column":58}},"type":"binary-expr","locations":[{"start":{"line":109,"column":29},"end":{"line":109,"column":53}},{"start":{"line":109,"column":57},"end":{"line":109,"column":58}}],"line":109},"11":{"loc":{"start":{"line":110,"column":31},"end":{"line":110,"column":62}},"type":"binary-expr","locations":[{"start":{"line":110,"column":31},"end":{"line":110,"column":56}},{"start":{"line":110,"column":60},"end":{"line":110,"column":62}}],"line":110},"12":{"loc":{"start":{"line":114,"column":4},"end":{"line":120,"column":5}},"type":"if","locations":[{"start":{"line":114,"column":4},"end":{"line":120,"column":5}},{"start":{},"end":{}}],"line":114},"13":{"loc":{"start":{"line":121,"column":4},"end":{"line":122,"column":70}},"type":"if","locations":[{"start":{"line":121,"column":4},"end":{"line":122,"column":70}},{"start":{"line":122,"column":9},"end":{"line":122,"column":70}}],"line":121},"14":{"loc":{"start":{"line":122,"column":9},"end":{"line":122,"column":70}},"type":"if","locations":[{"start":{"line":122,"column":9},"end":{"line":122,"column":70}},{"start":{},"end":{}}],"line":122},"15":{"loc":{"start":{"line":150,"column":4},"end":{"line":152,"column":5}},"type":"if","locations":[{"start":{"line":150,"column":4},"end":{"line":152,"column":5}},{"start":{},"end":{}}],"line":150},"16":{"loc":{"start":{"line":160,"column":4},"end":{"line":160,"column":92}},"type":"if","locations":[{"start":{"line":160,"column":4},"end":{"line":160,"column":92}},{"start":{},"end":{}}],"line":160},"17":{"loc":{"start":{"line":162,"column":4},"end":{"line":172,"column":5}},"type":"if","locations":[{"start":{"line":162,"column":4},"end":{"line":172,"column":5}},{"start":{"line":170,"column":11},"end":{"line":172,"column":5}}],"line":162},"18":{"loc":{"start":{"line":162,"column":8},"end":{"line":162,"column":64}},"type":"binary-expr","locations":[{"start":{"line":162,"column":8},"end":{"line":162,"column":18}},{"start":{"line":162,"column":22},"end":{"line":162,"column":64}}],"line":162},"19":{"loc":{"start":{"line":166,"column":16},"end":{"line":166,"column":53}},"type":"binary-expr","locations":[{"start":{"line":166,"column":16},"end":{"line":166,"column":32}},{"start":{"line":166,"column":36},"end":{"line":166,"column":53}}],"line":166},"20":{"loc":{"start":{"line":186,"column":4},"end":{"line":186,"column":92}},"type":"if","locations":[{"start":{"line":186,"column":4},"end":{"line":186,"column":92}},{"start":{},"end":{}}],"line":186},"21":{"loc":{"start":{"line":188,"column":4},"end":{"line":193,"column":5}},"type":"if","locations":[{"start":{"line":188,"column":4},"end":{"line":193,"column":5}},{"start":{},"end":{}}],"line":188},"22":{"loc":{"start":{"line":203,"column":29},"end":{"line":203,"column":58}},"type":"binary-expr","locations":[{"start":{"line":203,"column":29},"end":{"line":203,"column":53}},{"start":{"line":203,"column":57},"end":{"line":203,"column":58}}],"line":203},"23":{"loc":{"start":{"line":204,"column":31},"end":{"line":204,"column":62}},"type":"binary-expr","locations":[{"start":{"line":204,"column":31},"end":{"line":204,"column":56}},{"start":{"line":204,"column":60},"end":{"line":204,"column":62}}],"line":204},"24":{"loc":{"start":{"line":208,"column":4},"end":{"line":208,"column":75}},"type":"if","locations":[{"start":{"line":208,"column":4},"end":{"line":208,"column":75}},{"start":{},"end":{}}],"line":208},"25":{"loc":{"start":{"line":209,"column":4},"end":{"line":210,"column":68}},"type":"if","locations":[{"start":{"line":209,"column":4},"end":{"line":210,"column":68}},{"start":{"line":210,"column":9},"end":{"line":210,"column":68}}],"line":209},"26":{"loc":{"start":{"line":210,"column":9},"end":{"line":210,"column":68}},"type":"if","locations":[{"start":{"line":210,"column":9},"end":{"line":210,"column":68}},{"start":{},"end":{}}],"line":210},"27":{"loc":{"start":{"line":239,"column":4},"end":{"line":239,"column":92}},"type":"if","locations":[{"start":{"line":239,"column":4},"end":{"line":239,"column":92}},{"start":{},"end":{}}],"line":239},"28":{"loc":{"start":{"line":253,"column":4},"end":{"line":253,"column":92}},"type":"if","locations":[{"start":{"line":253,"column":4},"end":{"line":253,"column":92}},{"start":{},"end":{}}],"line":253}},"s":{"0":1,"1":1,"2":1,"3":1,"4":1,"5":1,"6":1,"7":0,"8":1,"9":0,"10":1,"11":0,"12":1,"13":1,"14":1,"15":0,"16":1,"17":1,"18":1,"19":1,"20":0,"21":1,"22":0,"23":1,"24":0,"25":1,"26":0,"27":0,"28":0,"29":0,"30":0,"31":0,"32":0,"33":0,"34":1,"35":1,"36":1,"37":1,"38":0,"39":1,"40":0,"41":1,"42":1,"43":1,"44":1,"45":1,"46":1,"47":1,"48":0,"49":1,"50":0,"51":1,"52":0,"53":1,"54":1,"55":1,"56":0,"57":1,"58":1,"59":1,"60":0,"61":1,"62":1,"63":0,"64":1,"65":0,"66":0,"67":1,"68":1,"69":0,"70":1,"71":1,"72":1,"73":1,"74":0,"75":1,"76":0,"77":1,"78":0,"79":1,"80":1,"81":1,"82":1,"83":1,"84":1,"85":1,"86":0,"87":1,"88":0,"89":1,"90":0,"91":1,"92":1,"93":1,"94":0,"95":1,"96":1,"97":1,"98":1,"99":0,"100":1,"101":0,"102":1,"103":0,"104":0,"105":0,"106":0,"107":0,"108":0},"f":{"0":1,"1":1,"2":0,"3":1,"4":1,"5":1,"6":0,"7":1,"8":1,"9":1,"10":0},"b":{"0":[1,1],"1":[1,1],"2":[0,1],"3":[0,1],"4":[0,1],"5":[0,1],"6":[0,1],"7":[0,0],"8":[0,0],"9":[0,1],"10":[1,1],"11":[1,1],"12":[0,1],"13":[0,1],"14":[0,1],"15":[0,1],"16":[0,1],"17":[0,1],"18":[1,0],"19":[0,0],"20":[0,1],"21":[0,1],"22":[1,1],"23":[1,1],"24":[0,1],"25":[0,1],"26":[0,1],"27":[0,1],"28":[0,0]},"inputSourceMap":null,"_coverageSchema":"1a1c01bbd47fc00a2c39e90264f33305004495a9","hash":"2a8b29b56fa3e79ee96412b2d6528d721183d750"}
,"C:\\Users\\Samuel\\Documents\\GitHub\\celix\\backend\\src\\controllers\\auth.controller.js": {"path":"C:\\Users\\Samuel\\Documents\\GitHub\\celix\\backend\\src\\controllers\\auth.controller.js","statementMap":{"0":{"start":{"line":5,"column":2},"end":{"line":5,"column":96}},"1":{"start":{"line":9,"column":2},"end":{"line":23,"column":4}},"2":{"start":{"line":26,"column":24},"end":{"line":46,"column":1}},"3":{"start":{"line":27,"column":2},"end":{"line":45,"column":30}},"4":{"start":{"line":28,"column":47},"end":{"line":28,"column":55}},"5":{"start":{"line":30,"column":21},"end":{"line":30,"column":72}},"6":{"start":{"line":31,"column":4},"end":{"line":34,"column":5}},"7":{"start":{"line":32,"column":20},"end":{"line":32,"column":64}},"8":{"start":{"line":33,"column":6},"end":{"line":33,"column":88}},"9":{"start":{"line":36,"column":17},"end":{"line":41,"column":6}},"10":{"start":{"line":44,"column":4},"end":{"line":44,"column":108}},"11":{"start":{"line":45,"column":18},"end":{"line":45,"column":28}},"12":{"start":{"line":48,"column":30},"end":{"line":70,"column":1}},"13":{"start":{"line":49,"column":2},"end":{"line":49,"column":42}},"14":{"start":{"line":50,"column":2},"end":{"line":69,"column":3}},"15":{"start":{"line":51,"column":50},"end":{"line":51,"column":58}},"16":{"start":{"line":53,"column":17},"end":{"line":53,"column":44}},"17":{"start":{"line":54,"column":4},"end":{"line":54,"column":92}},"18":{"start":{"line":54,"column":15},"end":{"line":54,"column":92}},"19":{"start":{"line":57,"column":4},"end":{"line":57,"column":45}},"20":{"start":{"line":57,"column":28},"end":{"line":57,"column":45}},"21":{"start":{"line":58,"column":4},"end":{"line":58,"column":31}},"22":{"start":{"line":58,"column":14},"end":{"line":58,"column":31}},"23":{"start":{"line":59,"column":4},"end":{"line":59,"column":58}},"24":{"start":{"line":59,"column":23},"end":{"line":59,"column":58}},"25":{"start":{"line":62,"column":4},"end":{"line":62,"column":86}},"26":{"start":{"line":64,"column":4},"end":{"line":64,"column":24}},"27":{"start":{"line":66,"column":4},"end":{"line":66,"column":70}},"28":{"start":{"line":68,"column":4},"end":{"line":68,"column":14}},"29":{"start":{"line":72,"column":21},"end":{"line":84,"column":1}},"30":{"start":{"line":73,"column":2},"end":{"line":83,"column":30}},"31":{"start":{"line":74,"column":32},"end":{"line":74,"column":40}},"32":{"start":{"line":75,"column":17},"end":{"line":75,"column":66}},"33":{"start":{"line":76,"column":4},"end":{"line":78,"column":5}},"34":{"start":{"line":77,"column":6},"end":{"line":77,"column":86}},"35":{"start":{"line":79,"column":4},"end":{"line":81,"column":5}},"36":{"start":{"line":80,"column":6},"end":{"line":80,"column":89}},"37":{"start":{"line":82,"column":4},"end":{"line":82,"column":96}},"38":{"start":{"line":83,"column":18},"end":{"line":83,"column":28}},"39":{"start":{"line":86,"column":25},"end":{"line":88,"column":1}},"40":{"start":{"line":87,"column":2},"end":{"line":87,"column":60}},"41":{"start":{"line":90,"column":22},"end":{"line":111,"column":1}},"42":{"start":{"line":91,"column":2},"end":{"line":110,"column":3}},"43":{"start":{"line":92,"column":22},"end":{"line":92,"column":39}},"44":{"start":{"line":93,"column":22},"end":{"line":93,"column":45}},"45":{"start":{"line":96,"column":4},"end":{"line":98,"column":5}},"46":{"start":{"line":97,"column":6},"end":{"line":97,"column":91}},"47":{"start":{"line":101,"column":4},"end":{"line":105,"column":6}},"48":{"start":{"line":107,"column":4},"end":{"line":107,"column":75}},"49":{"start":{"line":109,"column":4},"end":{"line":109,"column":14}}},"fnMap":{"0":{"name":"signToken","decl":{"start":{"line":4,"column":9},"end":{"line":4,"column":18}},"loc":{"start":{"line":4,"column":32},"end":{"line":6,"column":1}},"line":4},"1":{"name":"userPublic","decl":{"start":{"line":8,"column":9},"end":{"line":8,"column":19}},"loc":{"start":{"line":8,"column":26},"end":{"line":24,"column":1}},"line":8},"2":{"name":"(anonymous_2)","decl":{"start":{"line":26,"column":24},"end":{"line":26,"column":25}},"loc":{"start":{"line":26,"column":50},"end":{"line":46,"column":1}},"line":26},"3":{"name":"(anonymous_3)","decl":{"start":{"line":48,"column":30},"end":{"line":48,"column":31}},"loc":{"start":{"line":48,"column":56},"end":{"line":70,"column":1}},"line":48},"4":{"name":"(anonymous_4)","decl":{"start":{"line":72,"column":21},"end":{"line":72,"column":22}},"loc":{"start":{"line":72,"column":47},"end":{"line":84,"column":1}},"line":72},"5":{"name":"(anonymous_5)","decl":{"start":{"line":86,"column":25},"end":{"line":86,"column":26}},"loc":{"start":{"line":86,"column":39},"end":{"line":88,"column":1}},"line":86},"6":{"name":"(anonymous_6)","decl":{"start":{"line":90,"column":22},"end":{"line":90,"column":23}},"loc":{"start":{"line":90,"column":48},"end":{"line":111,"column":1}},"line":90}},"branchMap":{"0":{"loc":{"start":{"line":20,"column":19},"end":{"line":20,"column":47}},"type":"binary-expr","locations":[{"start":{"line":20,"column":19},"end":{"line":20,"column":42}},{"start":{"line":20,"column":46},"end":{"line":20,"column":47}}],"line":20},"1":{"loc":{"start":{"line":21,"column":18},"end":{"line":21,"column":45}},"type":"binary-expr","locations":[{"start":{"line":21,"column":18},"end":{"line":21,"column":40}},{"start":{"line":21,"column":44},"end":{"line":21,"column":45}}],"line":21},"2":{"loc":{"start":{"line":31,"column":4},"end":{"line":34,"column":5}},"type":"if","locations":[{"start":{"line":31,"column":4},"end":{"line":34,"column":5}},{"start":{},"end":{}}],"line":31},"3":{"loc":{"start":{"line":32,"column":20},"end":{"line":32,"column":64}},"type":"cond-expr","locations":[{"start":{"line":32,"column":47},"end":{"line":32,"column":54}},{"start":{"line":32,"column":57},"end":{"line":32,"column":64}}],"line":32},"4":{"loc":{"start":{"line":54,"column":4},"end":{"line":54,"column":92}},"type":"if","locations":[{"start":{"line":54,"column":4},"end":{"line":54,"column":92}},{"start":{},"end":{}}],"line":54},"5":{"loc":{"start":{"line":57,"column":4},"end":{"line":57,"column":45}},"type":"if","locations":[{"start":{"line":57,"column":4},"end":{"line":57,"column":45}},{"start":{},"end":{}}],"line":57},"6":{"loc":{"start":{"line":58,"column":4},"end":{"line":58,"column":31}},"type":"if","locations":[{"start":{"line":58,"column":4},"end":{"line":58,"column":31}},{"start":{},"end":{}}],"line":58},"7":{"loc":{"start":{"line":59,"column":4},"end":{"line":59,"column":58}},"type":"if","locations":[{"start":{"line":59,"column":4},"end":{"line":59,"column":58}},{"start":{},"end":{}}],"line":59},"8":{"loc":{"start":{"line":62,"column":29},"end":{"line":62,"column":84}},"type":"binary-expr","locations":[{"start":{"line":62,"column":29},"end":{"line":62,"column":38}},{"start":{"line":62,"column":42},"end":{"line":62,"column":51}},{"start":{"line":62,"column":55},"end":{"line":62,"column":84}}],"line":62},"9":{"loc":{"start":{"line":76,"column":4},"end":{"line":78,"column":5}},"type":"if","locations":[{"start":{"line":76,"column":4},"end":{"line":78,"column":5}},{"start":{},"end":{}}],"line":76},"10":{"loc":{"start":{"line":76,"column":8},"end":{"line":76,"column":56}},"type":"binary-expr","locations":[{"start":{"line":76,"column":8},"end":{"line":76,"column":13}},{"start":{"line":76,"column":17},"end":{"line":76,"column":56}}],"line":76},"11":{"loc":{"start":{"line":79,"column":4},"end":{"line":81,"column":5}},"type":"if","locations":[{"start":{"line":79,"column":4},"end":{"line":81,"column":5}},{"start":{},"end":{}}],"line":79},"12":{"loc":{"start":{"line":96,"column":4},"end":{"line":98,"column":5}},"type":"if","locations":[{"start":{"line":96,"column":4},"end":{"line":98,"column":5}},{"start":{},"end":{}}],"line":96}},"s":{"0":2,"1":3,"2":1,"3":2,"4":2,"5":2,"6":2,"7":1,"8":1,"9":1,"10":1,"11":0,"12":1,"13":2,"14":2,"15":2,"16":2,"17":2,"18":1,"19":1,"20":1,"21":1,"22":1,"23":1,"24":1,"25":1,"26":1,"27":1,"28":0,"29":1,"30":3,"31":3,"32":3,"33":3,"34":1,"35":2,"36":1,"37":1,"38":0,"39":1,"40":0,"41":1,"42":2,"43":2,"44":2,"45":2,"46":1,"47":1,"48":1,"49":0},"f":{"0":2,"1":3,"2":2,"3":2,"4":3,"5":0,"6":2},"b":{"0":[3,0],"1":[3,0],"2":[1,1],"3":[1,0],"4":[1,1],"5":[1,0],"6":[1,0],"7":[1,0],"8":[1,1,1],"9":[1,2],"10":[3,3],"11":[1,1],"12":[1,1]},"inputSourceMap":null,"_coverageSchema":"1a1c01bbd47fc00a2c39e90264f33305004495a9","hash":"1d194c3c6ff3d895419e98dc19eda271ecb6babd"}
,"C:\\Users\\Samuel\\Documents\\GitHub\\celix\\backend\\src\\controllers\\conversations.controller.js": {"path":"C:\\Users\\Samuel\\Documents\\GitHub\\celix\\backend\\src\\controllers\\conversations.controller.js","statementMap":{"0":{"start":{"line":3,"column":33},"end":{"line":30,"column":1}},"1":{"start":{"line":5,"column":17},"end":{"line":5,"column":70}},"2":{"start":{"line":6,"column":18},"end":{"line":6,"column":87}},"3":{"start":{"line":7,"column":17},"end":{"line":7,"column":35}},"4":{"start":{"line":9,"column":19},"end":{"line":9,"column":50}},"5":{"start":{"line":11,"column":4},"end":{"line":29,"column":3}},"6":{"start":{"line":12,"column":37},"end":{"line":19,"column":8}},"7":{"start":{"line":21,"column":6},"end":{"line":26,"column":6}},"8":{"start":{"line":28,"column":4},"end":{"line":28,"column":21}},"9":{"start":{"line":32,"column":40},"end":{"line":58,"column":1}},"10":{"start":{"line":34,"column":29},"end":{"line":34,"column":39}},"11":{"start":{"line":35,"column":16},"end":{"line":35,"column":86}},"12":{"start":{"line":37,"column":19},"end":{"line":37,"column":47}},"13":{"start":{"line":38,"column":2},"end":{"line":38,"column":135}},"14":{"start":{"line":38,"column":17},"end":{"line":38,"column":135}},"15":{"start":{"line":40,"column":2},"end":{"line":57,"column":3}},"16":{"start":{"line":41,"column":19},"end":{"line":41,"column":51}},"17":{"start":{"line":42,"column":30},"end":{"line":48,"column":6}},"18":{"start":{"line":50,"column":4},"end":{"line":54,"column":7}},"19":{"start":{"line":56,"column":4},"end":{"line":56,"column":21}},"20":{"start":{"line":60,"column":39},"end":{"line":102,"column":1}},"21":{"start":{"line":61,"column":2},"end":{"line":101,"column":3}},"22":{"start":{"line":62,"column":31},"end":{"line":62,"column":41}},"23":{"start":{"line":63,"column":26},"end":{"line":63,"column":34}},"24":{"start":{"line":65,"column":25},"end":{"line":65,"column":105}},"25":{"start":{"line":66,"column":4},"end":{"line":68,"column":5}},"26":{"start":{"line":67,"column":6},"end":{"line":67,"column":84}},"27":{"start":{"line":70,"column":20},"end":{"line":75,"column":6}},"28":{"start":{"line":77,"column":21},"end":{"line":77,"column":44}},"29":{"start":{"line":78,"column":22},"end":{"line":78,"column":56}},"30":{"start":{"line":80,"column":4},"end":{"line":87,"column":7}},"31":{"start":{"line":81,"column":29},"end":{"line":81,"column":53}},"32":{"start":{"line":82,"column":6},"end":{"line":86,"column":7}},"33":{"start":{"line":83,"column":8},"end":{"line":83,"column":41}},"34":{"start":{"line":85,"column":8},"end":{"line":85,"column":80}},"35":{"start":{"line":89,"column":4},"end":{"line":89,"column":38}},"36":{"start":{"line":90,"column":4},"end":{"line":90,"column":57}},"37":{"start":{"line":91,"column":4},"end":{"line":91,"column":49}},"38":{"start":{"line":92,"column":4},"end":{"line":92,"column":30}},"39":{"start":{"line":94,"column":4},"end":{"line":97,"column":7}},"40":{"start":{"line":100,"column":4},"end":{"line":100,"column":21}},"41":{"start":{"line":104,"column":39},"end":{"line":132,"column":1}},"42":{"start":{"line":105,"column":2},"end":{"line":131,"column":3}},"43":{"start":{"line":106,"column":31},"end":{"line":106,"column":39}},"44":{"start":{"line":107,"column":17},"end":{"line":107,"column":29}},"45":{"start":{"line":109,"column":4},"end":{"line":111,"column":5}},"46":{"start":{"line":110,"column":6},"end":{"line":110,"column":110}},"47":{"start":{"line":114,"column":21},"end":{"line":116,"column":55}},"48":{"start":{"line":118,"column":4},"end":{"line":120,"column":5}},"49":{"start":{"line":119,"column":6},"end":{"line":119,"column":60}},"50":{"start":{"line":123,"column":25},"end":{"line":125,"column":6}},"51":{"start":{"line":126,"column":22},"end":{"line":126,"column":89}},"52":{"start":{"line":128,"column":4},"end":{"line":128,"column":71}},"53":{"start":{"line":130,"column":4},"end":{"line":130,"column":21}}},"fnMap":{"0":{"name":"(anonymous_0)","decl":{"start":{"line":3,"column":33},"end":{"line":3,"column":34}},"loc":{"start":{"line":3,"column":59},"end":{"line":30,"column":1}},"line":3},"1":{"name":"(anonymous_1)","decl":{"start":{"line":32,"column":40},"end":{"line":32,"column":41}},"loc":{"start":{"line":32,"column":66},"end":{"line":58,"column":1}},"line":32},"2":{"name":"(anonymous_2)","decl":{"start":{"line":60,"column":39},"end":{"line":60,"column":40}},"loc":{"start":{"line":60,"column":65},"end":{"line":102,"column":1}},"line":60},"3":{"name":"(anonymous_3)","decl":{"start":{"line":80,"column":39},"end":{"line":80,"column":40}},"loc":{"start":{"line":80,"column":58},"end":{"line":87,"column":5}},"line":80},"4":{"name":"(anonymous_4)","decl":{"start":{"line":104,"column":39},"end":{"line":104,"column":40}},"loc":{"start":{"line":104,"column":65},"end":{"line":132,"column":1}},"line":104}},"branchMap":{"0":{"loc":{"start":{"line":5,"column":29},"end":{"line":5,"column":69}},"type":"binary-expr","locations":[{"start":{"line":5,"column":29},"end":{"line":5,"column":64}},{"start":{"line":5,"column":68},"end":{"line":5,"column":69}}],"line":5},"1":{"loc":{"start":{"line":6,"column":43},"end":{"line":6,"column":85}},"type":"binary-expr","locations":[{"start":{"line":6,"column":43},"end":{"line":6,"column":79}},{"start":{"line":6,"column":83},"end":{"line":6,"column":85}}],"line":6},"2":{"loc":{"start":{"line":35,"column":42},"end":{"line":35,"column":84}},"type":"binary-expr","locations":[{"start":{"line":35,"column":42},"end":{"line":35,"column":78}},{"start":{"line":35,"column":82},"end":{"line":35,"column":84}}],"line":35},"3":{"loc":{"start":{"line":38,"column":2},"end":{"line":38,"column":135}},"type":"if","locations":[{"start":{"line":38,"column":2},"end":{"line":38,"column":135}},{"start":{},"end":{}}],"line":38},"4":{"loc":{"start":{"line":66,"column":4},"end":{"line":68,"column":5}},"type":"if","locations":[{"start":{"line":66,"column":4},"end":{"line":68,"column":5}},{"start":{},"end":{}}],"line":66},"5":{"loc":{"start":{"line":78,"column":22},"end":{"line":78,"column":56}},"type":"binary-expr","locations":[{"start":{"line":78,"column":22},"end":{"line":78,"column":43}},{"start":{"line":78,"column":47},"end":{"line":78,"column":56}}],"line":78},"6":{"loc":{"start":{"line":82,"column":6},"end":{"line":86,"column":7}},"type":"if","locations":[{"start":{"line":82,"column":6},"end":{"line":86,"column":7}},{"start":{"line":84,"column":13},"end":{"line":86,"column":7}}],"line":82},"7":{"loc":{"start":{"line":85,"column":39},"end":{"line":85,"column":73}},"type":"binary-expr","locations":[{"start":{"line":85,"column":39},"end":{"line":85,"column":68}},{"start":{"line":85,"column":72},"end":{"line":85,"column":73}}],"line":85},"8":{"loc":{"start":{"line":109,"column":4},"end":{"line":111,"column":5}},"type":"if","locations":[{"start":{"line":109,"column":4},"end":{"line":111,"column":5}},{"start":{},"end":{}}],"line":109},"9":{"loc":{"start":{"line":118,"column":4},"end":{"line":120,"column":5}},"type":"if","locations":[{"start":{"line":118,"column":4},"end":{"line":120,"column":5}},{"start":{},"end":{}}],"line":118}},"s":{"0":1,"1":1,"2":1,"3":1,"4":1,"5":1,"6":1,"7":1,"8":0,"9":1,"10":1,"11":1,"12":1,"13":1,"14":1,"15":0,"16":0,"17":0,"18":0,"19":0,"20":1,"21":1,"22":1,"23":1,"24":1,"25":1,"26":0,"27":1,"28":1,"29":1,"30":1,"31":2,"32":2,"33":1,"34":1,"35":1,"36":1,"37":1,"38":1,"39":1,"40":0,"41":1,"42":1,"43":1,"44":1,"45":1,"46":0,"47":1,"48":1,"49":0,"50":1,"51":1,"52":1,"53":0},"f":{"0":1,"1":1,"2":1,"3":2,"4":1},"b":{"0":[1,1],"1":[1,1],"2":[1,1],"3":[1,0],"4":[0,1],"5":[1,0],"6":[1,1],"7":[1,1],"8":[0,1],"9":[0,1]},"inputSourceMap":null,"_coverageSchema":"1a1c01bbd47fc00a2c39e90264f33305004495a9","hash":"bf7e1840053ad3971bfeaf1f348d50f89def55d8"}
,"C:\\Users\\Samuel\\Documents\\GitHub\\celix\\backend\\src\\controllers\\events.controller.js": {"path":"C:\\Users\\Samuel\\Documents\\GitHub\\celix\\backend\\src\\controllers\\events.controller.js","statementMap":{"0":{"start":{"line":153,"column":31},"end":{"line":187,"column":1}},"1":{"start":{"line":154,"column":2},"end":{"line":186,"column":3}},"2":{"start":{"line":155,"column":17},"end":{"line":155,"column":59}},"3":{"start":{"line":156,"column":18},"end":{"line":156,"column":63}},"4":{"start":{"line":157,"column":17},"end":{"line":157,"column":35}},"5":{"start":{"line":159,"column":19},"end":{"line":159,"column":36}},"6":{"start":{"line":160,"column":4},"end":{"line":160,"column":83}},"7":{"start":{"line":160,"column":25},"end":{"line":160,"column":83}},"8":{"start":{"line":161,"column":4},"end":{"line":161,"column":81}},"9":{"start":{"line":161,"column":52},"end":{"line":161,"column":81}},"10":{"start":{"line":164,"column":16},"end":{"line":164,"column":26}},"11":{"start":{"line":165,"column":4},"end":{"line":165,"column":29}},"12":{"start":{"line":166,"column":4},"end":{"line":172,"column":5}},"13":{"start":{"line":166,"column":40},"end":{"line":166,"column":73}},"14":{"start":{"line":167,"column":9},"end":{"line":172,"column":5}},"15":{"start":{"line":167,"column":44},"end":{"line":167,"column":76}},"16":{"start":{"line":168,"column":9},"end":{"line":172,"column":5}},"17":{"start":{"line":169,"column":21},"end":{"line":169,"column":34}},"18":{"start":{"line":170,"column":6},"end":{"line":170,"column":43}},"19":{"start":{"line":171,"column":6},"end":{"line":171,"column":52}},"20":{"start":{"line":174,"column":28},"end":{"line":177,"column":6}},"21":{"start":{"line":179,"column":4},"end":{"line":183,"column":7}},"22":{"start":{"line":185,"column":4},"end":{"line":185,"column":21}},"23":{"start":{"line":190,"column":27},"end":{"line":197,"column":1}},"24":{"start":{"line":191,"column":2},"end":{"line":196,"column":3}},"25":{"start":{"line":192,"column":19},"end":{"line":192,"column":37}},"26":{"start":{"line":193,"column":4},"end":{"line":193,"column":28}},"27":{"start":{"line":195,"column":4},"end":{"line":195,"column":21}}},"fnMap":{"0":{"name":"(anonymous_0)","decl":{"start":{"line":153,"column":31},"end":{"line":153,"column":32}},"loc":{"start":{"line":153,"column":57},"end":{"line":187,"column":1}},"line":153},"1":{"name":"(anonymous_1)","decl":{"start":{"line":190,"column":27},"end":{"line":190,"column":28}},"loc":{"start":{"line":190,"column":53},"end":{"line":197,"column":1}},"line":190}},"branchMap":{"0":{"loc":{"start":{"line":155,"column":29},"end":{"line":155,"column":58}},"type":"binary-expr","locations":[{"start":{"line":155,"column":29},"end":{"line":155,"column":53}},{"start":{"line":155,"column":57},"end":{"line":155,"column":58}}],"line":155},"1":{"loc":{"start":{"line":156,"column":31},"end":{"line":156,"column":62}},"type":"binary-expr","locations":[{"start":{"line":156,"column":31},"end":{"line":156,"column":56}},{"start":{"line":156,"column":60},"end":{"line":156,"column":62}}],"line":156},"2":{"loc":{"start":{"line":160,"column":4},"end":{"line":160,"column":83}},"type":"if","locations":[{"start":{"line":160,"column":4},"end":{"line":160,"column":83}},{"start":{},"end":{}}],"line":160},"3":{"loc":{"start":{"line":161,"column":4},"end":{"line":161,"column":81}},"type":"if","locations":[{"start":{"line":161,"column":4},"end":{"line":161,"column":81}},{"start":{},"end":{}}],"line":161},"4":{"loc":{"start":{"line":161,"column":8},"end":{"line":161,"column":50}},"type":"binary-expr","locations":[{"start":{"line":161,"column":8},"end":{"line":161,"column":22}},{"start":{"line":161,"column":26},"end":{"line":161,"column":50}}],"line":161},"5":{"loc":{"start":{"line":166,"column":4},"end":{"line":172,"column":5}},"type":"if","locations":[{"start":{"line":166,"column":4},"end":{"line":172,"column":5}},{"start":{"line":167,"column":9},"end":{"line":172,"column":5}}],"line":166},"6":{"loc":{"start":{"line":167,"column":9},"end":{"line":172,"column":5}},"type":"if","locations":[{"start":{"line":167,"column":9},"end":{"line":172,"column":5}},{"start":{"line":168,"column":9},"end":{"line":172,"column":5}}],"line":167},"7":{"loc":{"start":{"line":168,"column":9},"end":{"line":172,"column":5}},"type":"if","locations":[{"start":{"line":168,"column":9},"end":{"line":172,"column":5}},{"start":{},"end":{}}],"line":168}},"s":{"0":1,"1":1,"2":1,"3":1,"4":1,"5":1,"6":1,"7":0,"8":1,"9":0,"10":1,"11":1,"12":1,"13":0,"14":1,"15":0,"16":1,"17":0,"18":0,"19":0,"20":1,"21":1,"22":0,"23":1,"24":0,"25":0,"26":0,"27":0},"f":{"0":1,"1":0},"b":{"0":[1,0],"1":[1,0],"2":[0,1],"3":[0,1],"4":[1,1],"5":[0,1],"6":[0,1],"7":[0,1]},"inputSourceMap":null,"_coverageSchema":"1a1c01bbd47fc00a2c39e90264f33305004495a9","hash":"f73a4a260bb5f227de407fe50f4ba6161ba36462"}
,"C:\\Users\\Samuel\\Documents\\GitHub\\celix\\backend\\src\\controllers\\instalaciones.controller.js": {"path":"C:\\Users\\Samuel\\Documents\\GitHub\\celix\\backend\\src\\controllers\\instalaciones.controller.js","statementMap":{"0":{"start":{"line":1,"column":22},"end":{"line":1,"column":47}},"1":{"start":{"line":2,"column":26},"end":{"line":2,"column":114}},"2":{"start":{"line":7,"column":12},"end":{"line":7,"column":21}},"3":{"start":{"line":8,"column":12},"end":{"line":8,"column":29}},"4":{"start":{"line":9,"column":12},"end":{"line":9,"column":23}},"5":{"start":{"line":10,"column":13},"end":{"line":10,"column":34}},"6":{"start":{"line":11,"column":13},"end":{"line":11,"column":19}},"7":{"start":{"line":12,"column":15},"end":{"line":12,"column":17}},"8":{"start":{"line":13,"column":18},"end":{"line":13,"column":62}},"9":{"start":{"line":15,"column":12},"end":{"line":15,"column":28}},"10":{"start":{"line":16,"column":12},"end":{"line":16,"column":20}},"11":{"start":{"line":18,"column":12},"end":{"line":18,"column":18}},"12":{"start":{"line":19,"column":13},"end":{"line":19,"column":56}},"13":{"start":{"line":21,"column":13},"end":{"line":21,"column":62}},"14":{"start":{"line":23,"column":4},"end":{"line":26,"column":50}},"15":{"start":{"line":28,"column":13},"end":{"line":28,"column":68}},"16":{"start":{"line":29,"column":13},"end":{"line":29,"column":44}},"17":{"start":{"line":30,"column":13},"end":{"line":30,"column":62}},"18":{"start":{"line":31,"column":13},"end":{"line":31,"column":85}},"19":{"start":{"line":32,"column":12},"end":{"line":32,"column":25}},"20":{"start":{"line":35,"column":4},"end":{"line":41,"column":14}},"21":{"start":{"line":44,"column":4},"end":{"line":49,"column":20}},"22":{"start":{"line":51,"column":2},"end":{"line":54,"column":4}},"23":{"start":{"line":58,"column":20},"end":{"line":58,"column":44}},"24":{"start":{"line":60,"column":17},"end":{"line":60,"column":43}},"25":{"start":{"line":61,"column":2},"end":{"line":68,"column":3}},"26":{"start":{"line":63,"column":22},"end":{"line":63,"column":55}},"27":{"start":{"line":65,"column":4},"end":{"line":67,"column":5}},"28":{"start":{"line":66,"column":6},"end":{"line":66,"column":30}},"29":{"start":{"line":70,"column":2},"end":{"line":79,"column":4}},"30":{"start":{"line":82,"column":32},"end":{"line":116,"column":1}},"31":{"start":{"line":83,"column":2},"end":{"line":115,"column":3}},"32":{"start":{"line":84,"column":23},"end":{"line":84,"column":44}},"33":{"start":{"line":85,"column":20},"end":{"line":85,"column":64}},"34":{"start":{"line":85,"column":37},"end":{"line":85,"column":55}},"35":{"start":{"line":87,"column":4},"end":{"line":112,"column":5}},"36":{"start":{"line":88,"column":23},"end":{"line":94,"column":7}},"37":{"start":{"line":96,"column":6},"end":{"line":98,"column":7}},"38":{"start":{"line":97,"column":8},"end":{"line":97,"column":66}},"39":{"start":{"line":100,"column":19},"end":{"line":100,"column":40}},"40":{"start":{"line":101,"column":28},"end":{"line":103,"column":62}},"41":{"start":{"line":103,"column":23},"end":{"line":103,"column":61}},"42":{"start":{"line":105,"column":6},"end":{"line":109,"column":9}},"43":{"start":{"line":111,"column":6},"end":{"line":111,"column":28}},"44":{"start":{"line":114,"column":4},"end":{"line":114,"column":21}}},"fnMap":{"0":{"name":"utmToLatLng","decl":{"start":{"line":5,"column":9},"end":{"line":5,"column":20}},"loc":{"start":{"line":5,"column":40},"end":{"line":55,"column":1}},"line":5},"1":{"name":"normalizeInstalacion","decl":{"start":{"line":57,"column":9},"end":{"line":57,"column":29}},"loc":{"start":{"line":57,"column":36},"end":{"line":80,"column":1}},"line":57},"2":{"name":"(anonymous_2)","decl":{"start":{"line":82,"column":32},"end":{"line":82,"column":33}},"loc":{"start":{"line":82,"column":58},"end":{"line":116,"column":1}},"line":82},"3":{"name":"(anonymous_3)","decl":{"start":{"line":85,"column":31},"end":{"line":85,"column":32}},"loc":{"start":{"line":85,"column":37},"end":{"line":85,"column":55}},"line":85},"4":{"name":"(anonymous_4)","decl":{"start":{"line":103,"column":16},"end":{"line":103,"column":17}},"loc":{"start":{"line":103,"column":23},"end":{"line":103,"column":61}},"line":103}},"branchMap":{"0":{"loc":{"start":{"line":61,"column":2},"end":{"line":68,"column":3}},"type":"if","locations":[{"start":{"line":61,"column":2},"end":{"line":68,"column":3}},{"start":{},"end":{}}],"line":61},"1":{"loc":{"start":{"line":61,"column":6},"end":{"line":61,"column":34}},"type":"binary-expr","locations":[{"start":{"line":61,"column":6},"end":{"line":61,"column":12}},{"start":{"line":61,"column":16},"end":{"line":61,"column":34}}],"line":61},"2":{"loc":{"start":{"line":65,"column":4},"end":{"line":67,"column":5}},"type":"if","locations":[{"start":{"line":65,"column":4},"end":{"line":67,"column":5}},{"start":{},"end":{}}],"line":65},"3":{"loc":{"start":{"line":65,"column":8},"end":{"line":65,"column":96}},"type":"binary-expr","locations":[{"start":{"line":65,"column":8},"end":{"line":65,"column":26}},{"start":{"line":65,"column":30},"end":{"line":65,"column":48}},{"start":{"line":65,"column":52},"end":{"line":65,"column":72}},{"start":{"line":65,"column":76},"end":{"line":65,"column":96}}],"line":65},"4":{"loc":{"start":{"line":72,"column":12},"end":{"line":72,"column":38}},"type":"binary-expr","locations":[{"start":{"line":72,"column":12},"end":{"line":72,"column":22}},{"start":{"line":72,"column":26},"end":{"line":72,"column":38}}],"line":72},"5":{"loc":{"start":{"line":73,"column":15},"end":{"line":73,"column":33}},"type":"binary-expr","locations":[{"start":{"line":73,"column":15},"end":{"line":73,"column":27}},{"start":{"line":73,"column":31},"end":{"line":73,"column":33}}],"line":73},"6":{"loc":{"start":{"line":74,"column":14},"end":{"line":74,"column":30}},"type":"binary-expr","locations":[{"start":{"line":74,"column":14},"end":{"line":74,"column":22}},{"start":{"line":74,"column":26},"end":{"line":74,"column":30}}],"line":74},"7":{"loc":{"start":{"line":75,"column":11},"end":{"line":75,"column":29}},"type":"binary-expr","locations":[{"start":{"line":75,"column":11},"end":{"line":75,"column":21}},{"start":{"line":75,"column":25},"end":{"line":75,"column":29}}],"line":75},"8":{"loc":{"start":{"line":76,"column":13},"end":{"line":76,"column":33}},"type":"binary-expr","locations":[{"start":{"line":76,"column":13},"end":{"line":76,"column":25}},{"start":{"line":76,"column":29},"end":{"line":76,"column":33}}],"line":76},"9":{"loc":{"start":{"line":77,"column":10},"end":{"line":77,"column":53}},"type":"binary-expr","locations":[{"start":{"line":77,"column":10},"end":{"line":77,"column":26}},{"start":{"line":77,"column":30},"end":{"line":77,"column":53}}],"line":77},"10":{"loc":{"start":{"line":96,"column":6},"end":{"line":98,"column":7}},"type":"if","locations":[{"start":{"line":96,"column":6},"end":{"line":98,"column":7}},{"start":{},"end":{}}],"line":96},"11":{"loc":{"start":{"line":101,"column":29},"end":{"line":101,"column":46}},"type":"binary-expr","locations":[{"start":{"line":101,"column":29},"end":{"line":101,"column":40}},{"start":{"line":101,"column":44},"end":{"line":101,"column":46}}],"line":101},"12":{"loc":{"start":{"line":103,"column":23},"end":{"line":103,"column":61}},"type":"binary-expr","locations":[{"start":{"line":103,"column":23},"end":{"line":103,"column":40}},{"start":{"line":103,"column":44},"end":{"line":103,"column":61}}],"line":103}},"s":{"0":1,"1":1,"2":1,"3":1,"4":1,"5":1,"6":1,"7":1,"8":1,"9":1,"10":1,"11":1,"12":1,"13":1,"14":1,"15":1,"16":1,"17":1,"18":1,"19":1,"20":1,"21":1,"22":1,"23":1,"24":1,"25":1,"26":1,"27":1,"28":1,"29":1,"30":1,"31":1,"32":1,"33":1,"34":0,"35":1,"36":1,"37":1,"38":0,"39":1,"40":1,"41":1,"42":1,"43":1,"44":0},"f":{"0":1,"1":1,"2":1,"3":0,"4":1},"b":{"0":[1,0],"1":[1,1],"2":[1,0],"3":[1,1,1,1],"4":[1,0],"5":[1,1],"6":[1,1],"7":[1,1],"8":[1,1],"9":[1,1],"10":[0,1],"11":[1,0],"12":[1,1]},"inputSourceMap":null,"_coverageSchema":"1a1c01bbd47fc00a2c39e90264f33305004495a9","hash":"5bdf82b9a142941e31bb9b44dad7f300e03bfe3c"}
,"C:\\Users\\Samuel\\Documents\\GitHub\\celix\\backend\\src\\controllers\\posts.controller.js": {"path":"C:\\Users\\Samuel\\Documents\\GitHub\\celix\\backend\\src\\controllers\\posts.controller.js","statementMap":{"0":{"start":{"line":6,"column":14},"end":{"line":6,"column":48}},"1":{"start":{"line":7,"column":2},"end":{"line":13,"column":4}},"2":{"start":{"line":10,"column":33},"end":{"line":10,"column":68}},"3":{"start":{"line":18,"column":24},"end":{"line":44,"column":1}},"4":{"start":{"line":19,"column":2},"end":{"line":43,"column":3}},"5":{"start":{"line":20,"column":17},"end":{"line":20,"column":59}},"6":{"start":{"line":21,"column":18},"end":{"line":21,"column":63}},"7":{"start":{"line":22,"column":17},"end":{"line":22,"column":35}},"8":{"start":{"line":24,"column":19},"end":{"line":24,"column":54}},"9":{"start":{"line":25,"column":4},"end":{"line":25,"column":62}},"10":{"start":{"line":25,"column":27},"end":{"line":25,"column":62}},"11":{"start":{"line":27,"column":27},"end":{"line":34,"column":6}},"12":{"start":{"line":36,"column":4},"end":{"line":40,"column":7}},"13":{"start":{"line":38,"column":30},"end":{"line":38,"column":57}},"14":{"start":{"line":42,"column":4},"end":{"line":42,"column":14}},"15":{"start":{"line":48,"column":32},"end":{"line":76,"column":1}},"16":{"start":{"line":49,"column":2},"end":{"line":75,"column":3}},"17":{"start":{"line":50,"column":17},"end":{"line":50,"column":59}},"18":{"start":{"line":51,"column":18},"end":{"line":51,"column":63}},"19":{"start":{"line":52,"column":17},"end":{"line":52,"column":35}},"20":{"start":{"line":54,"column":15},"end":{"line":54,"column":68}},"21":{"start":{"line":55,"column":21},"end":{"line":55,"column":39}},"22":{"start":{"line":57,"column":19},"end":{"line":57,"column":80}},"23":{"start":{"line":59,"column":27},"end":{"line":66,"column":6}},"24":{"start":{"line":68,"column":4},"end":{"line":72,"column":7}},"25":{"start":{"line":70,"column":30},"end":{"line":70,"column":57}},"26":{"start":{"line":74,"column":4},"end":{"line":74,"column":14}},"27":{"start":{"line":81,"column":26},"end":{"line":101,"column":1}},"28":{"start":{"line":82,"column":2},"end":{"line":100,"column":3}},"29":{"start":{"line":83,"column":60},"end":{"line":83,"column":68}},"30":{"start":{"line":85,"column":17},"end":{"line":92,"column":6}},"31":{"start":{"line":94,"column":4},"end":{"line":94,"column":61}},"32":{"start":{"line":96,"column":4},"end":{"line":96,"column":77}},"33":{"start":{"line":99,"column":4},"end":{"line":99,"column":14}},"34":{"start":{"line":103,"column":20},"end":{"line":103,"column":29}},"35":{"start":{"line":105,"column":29},"end":{"line":172,"column":1}},"36":{"start":{"line":106,"column":2},"end":{"line":171,"column":3}},"37":{"start":{"line":108,"column":19},"end":{"line":108,"column":42}},"38":{"start":{"line":109,"column":18},"end":{"line":109,"column":28}},"39":{"start":{"line":112,"column":4},"end":{"line":118,"column":5}},"40":{"start":{"line":113,"column":35},"end":{"line":113,"column":58}},"41":{"start":{"line":114,"column":6},"end":{"line":117,"column":7}},"42":{"start":{"line":115,"column":8},"end":{"line":115,"column":71}},"43":{"start":{"line":116,"column":8},"end":{"line":116,"column":62}},"44":{"start":{"line":121,"column":28},"end":{"line":124,"column":52}},"45":{"start":{"line":126,"column":4},"end":{"line":126,"column":86}},"46":{"start":{"line":129,"column":25},"end":{"line":132,"column":7}},"47":{"start":{"line":129,"column":58},"end":{"line":132,"column":5}},"48":{"start":{"line":134,"column":4},"end":{"line":134,"column":83}},"49":{"start":{"line":137,"column":21},"end":{"line":137,"column":76}},"50":{"start":{"line":140,"column":4},"end":{"line":150,"column":5}},"51":{"start":{"line":141,"column":6},"end":{"line":141,"column":86}},"52":{"start":{"line":143,"column":6},"end":{"line":145,"column":38}},"53":{"start":{"line":144,"column":19},"end":{"line":144,"column":69}},"54":{"start":{"line":144,"column":45},"end":{"line":144,"column":68}},"55":{"start":{"line":145,"column":21},"end":{"line":145,"column":36}},"56":{"start":{"line":147,"column":6},"end":{"line":147,"column":84}},"57":{"start":{"line":149,"column":6},"end":{"line":149,"column":37}},"58":{"start":{"line":153,"column":17},"end":{"line":153,"column":59}},"59":{"start":{"line":154,"column":18},"end":{"line":154,"column":63}},"60":{"start":{"line":155,"column":22},"end":{"line":155,"column":74}},"61":{"start":{"line":158,"column":26},"end":{"line":158,"column":76}},"62":{"start":{"line":158,"column":48},"end":{"line":158,"column":75}},"63":{"start":{"line":159,"column":4},"end":{"line":162,"column":7}},"64":{"start":{"line":164,"column":4},"end":{"line":168,"column":7}},"65":{"start":{"line":166,"column":34},"end":{"line":166,"column":61}},"66":{"start":{"line":170,"column":4},"end":{"line":170,"column":14}},"67":{"start":{"line":176,"column":26},"end":{"line":194,"column":1}},"68":{"start":{"line":177,"column":2},"end":{"line":193,"column":3}},"69":{"start":{"line":178,"column":17},"end":{"line":178,"column":51}},"70":{"start":{"line":179,"column":4},"end":{"line":181,"column":5}},"71":{"start":{"line":180,"column":6},"end":{"line":180,"column":80}},"72":{"start":{"line":182,"column":4},"end":{"line":184,"column":5}},"73":{"start":{"line":183,"column":6},"end":{"line":183,"column":90}},"74":{"start":{"line":187,"column":4},"end":{"line":187,"column":26}},"75":{"start":{"line":188,"column":4},"end":{"line":188,"column":22}},"76":{"start":{"line":190,"column":4},"end":{"line":190,"column":61}},"77":{"start":{"line":192,"column":4},"end":{"line":192,"column":14}},"78":{"start":{"line":198,"column":24},"end":{"line":215,"column":1}},"79":{"start":{"line":199,"column":2},"end":{"line":214,"column":3}},"80":{"start":{"line":200,"column":17},"end":{"line":200,"column":92}},"81":{"start":{"line":201,"column":4},"end":{"line":201,"column":89}},"82":{"start":{"line":201,"column":15},"end":{"line":201,"column":89}},"83":{"start":{"line":203,"column":24},"end":{"line":203,"column":90}},"84":{"start":{"line":203,"column":48},"end":{"line":203,"column":89}},"85":{"start":{"line":204,"column":4},"end":{"line":206,"column":5}},"86":{"start":{"line":205,"column":6},"end":{"line":205,"column":90}},"87":{"start":{"line":208,"column":4},"end":{"line":208,"column":34}},"88":{"start":{"line":209,"column":4},"end":{"line":209,"column":22}},"89":{"start":{"line":211,"column":4},"end":{"line":211,"column":63}},"90":{"start":{"line":213,"column":4},"end":{"line":213,"column":14}},"91":{"start":{"line":219,"column":26},"end":{"line":231,"column":1}},"92":{"start":{"line":220,"column":2},"end":{"line":230,"column":3}},"93":{"start":{"line":221,"column":17},"end":{"line":221,"column":92}},"94":{"start":{"line":222,"column":4},"end":{"line":222,"column":89}},"95":{"start":{"line":222,"column":15},"end":{"line":222,"column":89}},"96":{"start":{"line":224,"column":4},"end":{"line":224,"column":86}},"97":{"start":{"line":224,"column":43},"end":{"line":224,"column":84}},"98":{"start":{"line":225,"column":4},"end":{"line":225,"column":22}},"99":{"start":{"line":227,"column":4},"end":{"line":227,"column":63}},"100":{"start":{"line":229,"column":4},"end":{"line":229,"column":14}},"101":{"start":{"line":235,"column":30},"end":{"line":260,"column":1}},"102":{"start":{"line":236,"column":2},"end":{"line":259,"column":3}},"103":{"start":{"line":237,"column":17},"end":{"line":237,"column":59}},"104":{"start":{"line":238,"column":18},"end":{"line":238,"column":63}},"105":{"start":{"line":239,"column":17},"end":{"line":239,"column":35}},"106":{"start":{"line":241,"column":19},"end":{"line":241,"column":76}},"107":{"start":{"line":243,"column":27},"end":{"line":250,"column":6}},"108":{"start":{"line":252,"column":4},"end":{"line":256,"column":7}},"109":{"start":{"line":254,"column":30},"end":{"line":254,"column":57}},"110":{"start":{"line":258,"column":4},"end":{"line":258,"column":14}}},"fnMap":{"0":{"name":"postPublic","decl":{"start":{"line":5,"column":9},"end":{"line":5,"column":19}},"loc":{"start":{"line":5,"column":34},"end":{"line":14,"column":1}},"line":5},"1":{"name":"(anonymous_1)","decl":{"start":{"line":10,"column":25},"end":{"line":10,"column":26}},"loc":{"start":{"line":10,"column":33},"end":{"line":10,"column":68}},"line":10},"2":{"name":"(anonymous_2)","decl":{"start":{"line":18,"column":24},"end":{"line":18,"column":25}},"loc":{"start":{"line":18,"column":50},"end":{"line":44,"column":1}},"line":18},"3":{"name":"(anonymous_3)","decl":{"start":{"line":38,"column":23},"end":{"line":38,"column":24}},"loc":{"start":{"line":38,"column":30},"end":{"line":38,"column":57}},"line":38},"4":{"name":"(anonymous_4)","decl":{"start":{"line":48,"column":32},"end":{"line":48,"column":33}},"loc":{"start":{"line":48,"column":58},"end":{"line":76,"column":1}},"line":48},"5":{"name":"(anonymous_5)","decl":{"start":{"line":70,"column":23},"end":{"line":70,"column":24}},"loc":{"start":{"line":70,"column":30},"end":{"line":70,"column":57}},"line":70},"6":{"name":"(anonymous_6)","decl":{"start":{"line":81,"column":26},"end":{"line":81,"column":27}},"loc":{"start":{"line":81,"column":52},"end":{"line":101,"column":1}},"line":81},"7":{"name":"(anonymous_7)","decl":{"start":{"line":105,"column":29},"end":{"line":105,"column":30}},"loc":{"start":{"line":105,"column":55},"end":{"line":172,"column":1}},"line":105},"8":{"name":"(anonymous_8)","decl":{"start":{"line":129,"column":52},"end":{"line":129,"column":53}},"loc":{"start":{"line":129,"column":58},"end":{"line":132,"column":5}},"line":129},"9":{"name":"(anonymous_9)","decl":{"start":{"line":144,"column":13},"end":{"line":144,"column":14}},"loc":{"start":{"line":144,"column":19},"end":{"line":144,"column":69}},"line":144},"10":{"name":"(anonymous_10)","decl":{"start":{"line":144,"column":40},"end":{"line":144,"column":41}},"loc":{"start":{"line":144,"column":45},"end":{"line":144,"column":68}},"line":144},"11":{"name":"(anonymous_11)","decl":{"start":{"line":145,"column":16},"end":{"line":145,"column":17}},"loc":{"start":{"line":145,"column":21},"end":{"line":145,"column":36}},"line":145},"12":{"name":"(anonymous_12)","decl":{"start":{"line":158,"column":43},"end":{"line":158,"column":44}},"loc":{"start":{"line":158,"column":48},"end":{"line":158,"column":75}},"line":158},"13":{"name":"(anonymous_13)","decl":{"start":{"line":166,"column":27},"end":{"line":166,"column":28}},"loc":{"start":{"line":166,"column":34},"end":{"line":166,"column":61}},"line":166},"14":{"name":"(anonymous_14)","decl":{"start":{"line":176,"column":26},"end":{"line":176,"column":27}},"loc":{"start":{"line":176,"column":52},"end":{"line":194,"column":1}},"line":176},"15":{"name":"(anonymous_15)","decl":{"start":{"line":198,"column":24},"end":{"line":198,"column":25}},"loc":{"start":{"line":198,"column":50},"end":{"line":215,"column":1}},"line":198},"16":{"name":"(anonymous_16)","decl":{"start":{"line":203,"column":40},"end":{"line":203,"column":41}},"loc":{"start":{"line":203,"column":48},"end":{"line":203,"column":89}},"line":203},"17":{"name":"(anonymous_17)","decl":{"start":{"line":219,"column":26},"end":{"line":219,"column":27}},"loc":{"start":{"line":219,"column":52},"end":{"line":231,"column":1}},"line":219},"18":{"name":"(anonymous_18)","decl":{"start":{"line":224,"column":35},"end":{"line":224,"column":36}},"loc":{"start":{"line":224,"column":43},"end":{"line":224,"column":84}},"line":224},"19":{"name":"(anonymous_19)","decl":{"start":{"line":235,"column":30},"end":{"line":235,"column":31}},"loc":{"start":{"line":235,"column":56},"end":{"line":260,"column":1}},"line":235},"20":{"name":"(anonymous_20)","decl":{"start":{"line":254,"column":23},"end":{"line":254,"column":24}},"loc":{"start":{"line":254,"column":30},"end":{"line":254,"column":57}},"line":254}},"branchMap":{"0":{"loc":{"start":{"line":6,"column":14},"end":{"line":6,"column":48}},"type":"cond-expr","locations":[{"start":{"line":6,"column":28},"end":{"line":6,"column":41}},{"start":{"line":6,"column":44},"end":{"line":6,"column":48}}],"line":6},"1":{"loc":{"start":{"line":9,"column":14},"end":{"line":11,"column":13}},"type":"cond-expr","locations":[{"start":{"line":10,"column":8},"end":{"line":10,"column":69}},{"start":{"line":11,"column":8},"end":{"line":11,"column":13}}],"line":9},"2":{"loc":{"start":{"line":12,"column":14},"end":{"line":12,"column":37}},"type":"binary-expr","locations":[{"start":{"line":12,"column":14},"end":{"line":12,"column":32}},{"start":{"line":12,"column":36},"end":{"line":12,"column":37}}],"line":12},"3":{"loc":{"start":{"line":20,"column":29},"end":{"line":20,"column":58}},"type":"binary-expr","locations":[{"start":{"line":20,"column":29},"end":{"line":20,"column":53}},{"start":{"line":20,"column":57},"end":{"line":20,"column":58}}],"line":20},"4":{"loc":{"start":{"line":21,"column":31},"end":{"line":21,"column":62}},"type":"binary-expr","locations":[{"start":{"line":21,"column":31},"end":{"line":21,"column":56}},{"start":{"line":21,"column":60},"end":{"line":21,"column":62}}],"line":21},"5":{"loc":{"start":{"line":25,"column":4},"end":{"line":25,"column":62}},"type":"if","locations":[{"start":{"line":25,"column":4},"end":{"line":25,"column":62}},{"start":{},"end":{}}],"line":25},"6":{"loc":{"start":{"line":50,"column":29},"end":{"line":50,"column":58}},"type":"binary-expr","locations":[{"start":{"line":50,"column":29},"end":{"line":50,"column":53}},{"start":{"line":50,"column":57},"end":{"line":50,"column":58}}],"line":50},"7":{"loc":{"start":{"line":51,"column":31},"end":{"line":51,"column":62}},"type":"binary-expr","locations":[{"start":{"line":51,"column":31},"end":{"line":51,"column":56}},{"start":{"line":51,"column":60},"end":{"line":51,"column":62}}],"line":51},"8":{"loc":{"start":{"line":55,"column":21},"end":{"line":55,"column":39}},"type":"binary-expr","locations":[{"start":{"line":55,"column":21},"end":{"line":55,"column":33}},{"start":{"line":55,"column":37},"end":{"line":55,"column":39}}],"line":55},"9":{"loc":{"start":{"line":91,"column":14},"end":{"line":91,"column":28}},"type":"binary-expr","locations":[{"start":{"line":91,"column":14},"end":{"line":91,"column":20}},{"start":{"line":91,"column":24},"end":{"line":91,"column":28}}],"line":91},"10":{"loc":{"start":{"line":112,"column":4},"end":{"line":118,"column":5}},"type":"if","locations":[{"start":{"line":112,"column":4},"end":{"line":118,"column":5}},{"start":{},"end":{}}],"line":112},"11":{"loc":{"start":{"line":114,"column":6},"end":{"line":117,"column":7}},"type":"if","locations":[{"start":{"line":114,"column":6},"end":{"line":117,"column":7}},{"start":{},"end":{}}],"line":114},"12":{"loc":{"start":{"line":140,"column":4},"end":{"line":150,"column":5}},"type":"if","locations":[{"start":{"line":140,"column":4},"end":{"line":150,"column":5}},{"start":{"line":146,"column":11},"end":{"line":150,"column":5}}],"line":140},"13":{"loc":{"start":{"line":140,"column":8},"end":{"line":140,"column":43}},"type":"binary-expr","locations":[{"start":{"line":140,"column":8},"end":{"line":140,"column":16}},{"start":{"line":140,"column":20},"end":{"line":140,"column":43}}],"line":140},"14":{"loc":{"start":{"line":153,"column":29},"end":{"line":153,"column":58}},"type":"binary-expr","locations":[{"start":{"line":153,"column":29},"end":{"line":153,"column":53}},{"start":{"line":153,"column":57},"end":{"line":153,"column":58}}],"line":153},"15":{"loc":{"start":{"line":154,"column":31},"end":{"line":154,"column":62}},"type":"binary-expr","locations":[{"start":{"line":154,"column":31},"end":{"line":154,"column":56}},{"start":{"line":154,"column":60},"end":{"line":154,"column":62}}],"line":154},"16":{"loc":{"start":{"line":179,"column":4},"end":{"line":181,"column":5}},"type":"if","locations":[{"start":{"line":179,"column":4},"end":{"line":181,"column":5}},{"start":{},"end":{}}],"line":179},"17":{"loc":{"start":{"line":179,"column":8},"end":{"line":179,"column":31}},"type":"binary-expr","locations":[{"start":{"line":179,"column":8},"end":{"line":179,"column":13}},{"start":{"line":179,"column":17},"end":{"line":179,"column":31}}],"line":179},"18":{"loc":{"start":{"line":182,"column":4},"end":{"line":184,"column":5}},"type":"if","locations":[{"start":{"line":182,"column":4},"end":{"line":184,"column":5}},{"start":{},"end":{}}],"line":182},"19":{"loc":{"start":{"line":201,"column":4},"end":{"line":201,"column":89}},"type":"if","locations":[{"start":{"line":201,"column":4},"end":{"line":201,"column":89}},{"start":{},"end":{}}],"line":201},"20":{"loc":{"start":{"line":204,"column":4},"end":{"line":206,"column":5}},"type":"if","locations":[{"start":{"line":204,"column":4},"end":{"line":206,"column":5}},{"start":{},"end":{}}],"line":204},"21":{"loc":{"start":{"line":222,"column":4},"end":{"line":222,"column":89}},"type":"if","locations":[{"start":{"line":222,"column":4},"end":{"line":222,"column":89}},{"start":{},"end":{}}],"line":222},"22":{"loc":{"start":{"line":237,"column":29},"end":{"line":237,"column":58}},"type":"binary-expr","locations":[{"start":{"line":237,"column":29},"end":{"line":237,"column":53}},{"start":{"line":237,"column":57},"end":{"line":237,"column":58}}],"line":237},"23":{"loc":{"start":{"line":238,"column":31},"end":{"line":238,"column":62}},"type":"binary-expr","locations":[{"start":{"line":238,"column":31},"end":{"line":238,"column":56}},{"start":{"line":238,"column":60},"end":{"line":238,"column":62}}],"line":238}},"s":{"0":4,"1":4,"2":1,"3":1,"4":1,"5":1,"6":1,"7":1,"8":1,"9":1,"10":0,"11":1,"12":1,"13":1,"14":0,"15":1,"16":1,"17":1,"18":1,"19":1,"20":1,"21":1,"22":1,"23":1,"24":1,"25":1,"26":0,"27":1,"28":1,"29":1,"30":1,"31":1,"32":1,"33":0,"34":1,"35":1,"36":0,"37":0,"38":0,"39":0,"40":0,"41":0,"42":0,"43":0,"44":0,"45":0,"46":0,"47":0,"48":0,"49":0,"50":0,"51":0,"52":0,"53":0,"54":0,"55":0,"56":0,"57":0,"58":0,"59":0,"60":0,"61":0,"62":0,"63":0,"64":0,"65":0,"66":0,"67":1,"68":1,"69":1,"70":1,"71":0,"72":1,"73":1,"74":0,"75":0,"76":0,"77":0,"78":1,"79":1,"80":1,"81":1,"82":0,"83":1,"84":0,"85":1,"86":0,"87":1,"88":1,"89":1,"90":0,"91":1,"92":1,"93":1,"94":1,"95":0,"96":1,"97":2,"98":1,"99":1,"100":0,"101":1,"102":1,"103":1,"104":1,"105":1,"106":1,"107":1,"108":1,"109":1,"110":0},"f":{"0":4,"1":1,"2":1,"3":1,"4":1,"5":1,"6":1,"7":0,"8":0,"9":0,"10":0,"11":0,"12":0,"13":0,"14":1,"15":1,"16":0,"17":1,"18":2,"19":1,"20":1},"b":{"0":[4,0],"1":[4,0],"2":[4,0],"3":[1,1],"4":[1,1],"5":[0,1],"6":[1,1],"7":[1,1],"8":[1,0],"9":[1,1],"10":[0,0],"11":[0,0],"12":[0,0],"13":[0,0],"14":[0,0],"15":[0,0],"16":[0,1],"17":[1,1],"18":[1,0],"19":[0,1],"20":[0,1],"21":[0,1],"22":[1,1],"23":[1,1]},"inputSourceMap":null,"_coverageSchema":"1a1c01bbd47fc00a2c39e90264f33305004495a9","hash":"33ca5aa74ceefc471eb56751958da2ca5ad87199"}
,"C:\\Users\\Samuel\\Documents\\GitHub\\celix\\backend\\src\\controllers\\users.controller.js": {"path":"C:\\Users\\Samuel\\Documents\\GitHub\\celix\\backend\\src\\controllers\\users.controller.js","statementMap":{"0":{"start":{"line":6,"column":2},"end":{"line":25,"column":4}},"1":{"start":{"line":22,"column":38},"end":{"line":22,"column":80}},"2":{"start":{"line":30,"column":21},"end":{"line":32,"column":1}},"3":{"start":{"line":31,"column":2},"end":{"line":31,"column":74}},"4":{"start":{"line":37,"column":24},"end":{"line":71,"column":1}},"5":{"start":{"line":38,"column":2},"end":{"line":70,"column":3}},"6":{"start":{"line":39,"column":84},"end":{"line":39,"column":92}},"7":{"start":{"line":42,"column":4},"end":{"line":47,"column":5}},"8":{"start":{"line":43,"column":21},"end":{"line":43,"column":78}},"9":{"start":{"line":44,"column":6},"end":{"line":46,"column":7}},"10":{"start":{"line":45,"column":8},"end":{"line":45,"column":87}},"11":{"start":{"line":49,"column":19},"end":{"line":49,"column":90}},"12":{"start":{"line":51,"column":4},"end":{"line":51,"column":84}},"13":{"start":{"line":51,"column":39},"end":{"line":51,"column":82}},"14":{"start":{"line":54,"column":20},"end":{"line":65,"column":5}},"15":{"start":{"line":67,"column":4},"end":{"line":67,"column":74}},"16":{"start":{"line":69,"column":4},"end":{"line":69,"column":14}},"17":{"start":{"line":75,"column":27},"end":{"line":83,"column":1}},"18":{"start":{"line":76,"column":2},"end":{"line":82,"column":3}},"19":{"start":{"line":77,"column":17},"end":{"line":77,"column":51}},"20":{"start":{"line":78,"column":4},"end":{"line":78,"column":92}},"21":{"start":{"line":78,"column":15},"end":{"line":78,"column":92}},"22":{"start":{"line":79,"column":4},"end":{"line":79,"column":72}},"23":{"start":{"line":81,"column":4},"end":{"line":81,"column":14}},"24":{"start":{"line":87,"column":26},"end":{"line":112,"column":1}},"25":{"start":{"line":88,"column":2},"end":{"line":111,"column":3}},"26":{"start":{"line":89,"column":21},"end":{"line":89,"column":34}},"27":{"start":{"line":90,"column":17},"end":{"line":90,"column":29}},"28":{"start":{"line":92,"column":4},"end":{"line":94,"column":5}},"29":{"start":{"line":93,"column":6},"end":{"line":93,"column":91}},"30":{"start":{"line":96,"column":19},"end":{"line":96,"column":48}},"31":{"start":{"line":97,"column":4},"end":{"line":97,"column":94}},"32":{"start":{"line":97,"column":17},"end":{"line":97,"column":94}},"33":{"start":{"line":99,"column":22},"end":{"line":99,"column":87}},"34":{"start":{"line":99,"column":53},"end":{"line":99,"column":86}},"35":{"start":{"line":100,"column":4},"end":{"line":102,"column":5}},"36":{"start":{"line":101,"column":6},"end":{"line":101,"column":86}},"37":{"start":{"line":105,"column":4},"end":{"line":105,"column":79}},"38":{"start":{"line":106,"column":4},"end":{"line":106,"column":80}},"39":{"start":{"line":108,"column":4},"end":{"line":108,"column":74}},"40":{"start":{"line":110,"column":4},"end":{"line":110,"column":14}},"41":{"start":{"line":116,"column":28},"end":{"line":128,"column":1}},"42":{"start":{"line":117,"column":2},"end":{"line":127,"column":3}},"43":{"start":{"line":118,"column":21},"end":{"line":118,"column":34}},"44":{"start":{"line":119,"column":17},"end":{"line":119,"column":29}},"45":{"start":{"line":121,"column":4},"end":{"line":121,"column":75}},"46":{"start":{"line":122,"column":4},"end":{"line":122,"column":76}},"47":{"start":{"line":124,"column":4},"end":{"line":124,"column":82}},"48":{"start":{"line":126,"column":4},"end":{"line":126,"column":14}},"49":{"start":{"line":132,"column":28},"end":{"line":140,"column":1}},"50":{"start":{"line":133,"column":2},"end":{"line":139,"column":3}},"51":{"start":{"line":134,"column":17},"end":{"line":134,"column":129}},"52":{"start":{"line":135,"column":4},"end":{"line":135,"column":92}},"53":{"start":{"line":135,"column":15},"end":{"line":135,"column":92}},"54":{"start":{"line":136,"column":4},"end":{"line":136,"column":63}},"55":{"start":{"line":138,"column":4},"end":{"line":138,"column":14}},"56":{"start":{"line":144,"column":28},"end":{"line":152,"column":1}},"57":{"start":{"line":145,"column":2},"end":{"line":151,"column":3}},"58":{"start":{"line":146,"column":17},"end":{"line":146,"column":128}},"59":{"start":{"line":147,"column":4},"end":{"line":147,"column":92}},"60":{"start":{"line":147,"column":15},"end":{"line":147,"column":92}},"61":{"start":{"line":148,"column":4},"end":{"line":148,"column":61}},"62":{"start":{"line":150,"column":4},"end":{"line":150,"column":14}},"63":{"start":{"line":156,"column":27},"end":{"line":179,"column":1}},"64":{"start":{"line":157,"column":2},"end":{"line":178,"column":3}},"65":{"start":{"line":158,"column":14},"end":{"line":158,"column":33}},"66":{"start":{"line":159,"column":4},"end":{"line":159,"column":53}},"67":{"start":{"line":159,"column":12},"end":{"line":159,"column":53}},"68":{"start":{"line":161,"column":18},"end":{"line":170,"column":16}},"69":{"start":{"line":172,"column":4},"end":{"line":175,"column":7}},"70":{"start":{"line":174,"column":30},"end":{"line":174,"column":57}},"71":{"start":{"line":177,"column":4},"end":{"line":177,"column":14}},"72":{"start":{"line":183,"column":28},"end":{"line":253,"column":1}},"73":{"start":{"line":184,"column":2},"end":{"line":252,"column":30}},"74":{"start":{"line":185,"column":19},"end":{"line":185,"column":60}},"75":{"start":{"line":187,"column":27},"end":{"line":187,"column":37}},"76":{"start":{"line":188,"column":4},"end":{"line":188,"column":57}},"77":{"start":{"line":189,"column":4},"end":{"line":189,"column":40}},"78":{"start":{"line":191,"column":17},"end":{"line":191,"column":66}},"79":{"start":{"line":193,"column":63},"end":{"line":224,"column":6}},"80":{"start":{"line":227,"column":29},"end":{"line":236,"column":6}},"81":{"start":{"line":228,"column":19},"end":{"line":228,"column":29}},"82":{"start":{"line":229,"column":6},"end":{"line":229,"column":45}},"83":{"start":{"line":230,"column":22},"end":{"line":230,"column":54}},"84":{"start":{"line":231,"column":20},"end":{"line":231,"column":63}},"85":{"start":{"line":231,"column":45},"end":{"line":231,"column":62}},"86":{"start":{"line":232,"column":6},"end":{"line":235,"column":8}},"87":{"start":{"line":238,"column":33},"end":{"line":241,"column":7}},"88":{"start":{"line":238,"column":57},"end":{"line":241,"column":5}},"89":{"start":{"line":243,"column":4},"end":{"line":251,"column":7}},"90":{"start":{"line":252,"column":18},"end":{"line":252,"column":28}}},"fnMap":{"0":{"name":"userPublic","decl":{"start":{"line":5,"column":9},"end":{"line":5,"column":19}},"loc":{"start":{"line":5,"column":41},"end":{"line":26,"column":1}},"line":5},"1":{"name":"(anonymous_1)","decl":{"start":{"line":22,"column":30},"end":{"line":22,"column":31}},"loc":{"start":{"line":22,"column":38},"end":{"line":22,"column":80}},"line":22},"2":{"name":"(anonymous_2)","decl":{"start":{"line":30,"column":21},"end":{"line":30,"column":22}},"loc":{"start":{"line":30,"column":35},"end":{"line":32,"column":1}},"line":30},"3":{"name":"(anonymous_3)","decl":{"start":{"line":37,"column":24},"end":{"line":37,"column":25}},"loc":{"start":{"line":37,"column":50},"end":{"line":71,"column":1}},"line":37},"4":{"name":"(anonymous_4)","decl":{"start":{"line":51,"column":32},"end":{"line":51,"column":33}},"loc":{"start":{"line":51,"column":39},"end":{"line":51,"column":82}},"line":51},"5":{"name":"(anonymous_5)","decl":{"start":{"line":75,"column":27},"end":{"line":75,"column":28}},"loc":{"start":{"line":75,"column":53},"end":{"line":83,"column":1}},"line":75},"6":{"name":"(anonymous_6)","decl":{"start":{"line":87,"column":26},"end":{"line":87,"column":27}},"loc":{"start":{"line":87,"column":52},"end":{"line":112,"column":1}},"line":87},"7":{"name":"(anonymous_7)","decl":{"start":{"line":99,"column":45},"end":{"line":99,"column":46}},"loc":{"start":{"line":99,"column":53},"end":{"line":99,"column":86}},"line":99},"8":{"name":"(anonymous_8)","decl":{"start":{"line":116,"column":28},"end":{"line":116,"column":29}},"loc":{"start":{"line":116,"column":54},"end":{"line":128,"column":1}},"line":116},"9":{"name":"(anonymous_9)","decl":{"start":{"line":132,"column":28},"end":{"line":132,"column":29}},"loc":{"start":{"line":132,"column":54},"end":{"line":140,"column":1}},"line":132},"10":{"name":"(anonymous_10)","decl":{"start":{"line":144,"column":28},"end":{"line":144,"column":29}},"loc":{"start":{"line":144,"column":54},"end":{"line":152,"column":1}},"line":144},"11":{"name":"(anonymous_11)","decl":{"start":{"line":156,"column":27},"end":{"line":156,"column":28}},"loc":{"start":{"line":156,"column":53},"end":{"line":179,"column":1}},"line":156},"12":{"name":"(anonymous_12)","decl":{"start":{"line":174,"column":23},"end":{"line":174,"column":24}},"loc":{"start":{"line":174,"column":30},"end":{"line":174,"column":57}},"line":174},"13":{"name":"(anonymous_13)","decl":{"start":{"line":183,"column":28},"end":{"line":183,"column":29}},"loc":{"start":{"line":183,"column":54},"end":{"line":253,"column":1}},"line":183},"14":{"name":"(anonymous_14)","decl":{"start":{"line":227,"column":55},"end":{"line":227,"column":56}},"loc":{"start":{"line":227,"column":65},"end":{"line":236,"column":5}},"line":227},"15":{"name":"(anonymous_15)","decl":{"start":{"line":231,"column":38},"end":{"line":231,"column":39}},"loc":{"start":{"line":231,"column":45},"end":{"line":231,"column":62}},"line":231},"16":{"name":"(anonymous_16)","decl":{"start":{"line":238,"column":49},"end":{"line":238,"column":50}},"loc":{"start":{"line":238,"column":57},"end":{"line":241,"column":5}},"line":238}},"branchMap":{"0":{"loc":{"start":{"line":18,"column":19},"end":{"line":18,"column":47}},"type":"binary-expr","locations":[{"start":{"line":18,"column":19},"end":{"line":18,"column":42}},{"start":{"line":18,"column":46},"end":{"line":18,"column":47}}],"line":18},"1":{"loc":{"start":{"line":19,"column":18},"end":{"line":19,"column":45}},"type":"binary-expr","locations":[{"start":{"line":19,"column":18},"end":{"line":19,"column":40}},{"start":{"line":19,"column":44},"end":{"line":19,"column":45}}],"line":19},"2":{"loc":{"start":{"line":21,"column":15},"end":{"line":23,"column":13}},"type":"cond-expr","locations":[{"start":{"line":22,"column":8},"end":{"line":22,"column":81}},{"start":{"line":23,"column":8},"end":{"line":23,"column":13}}],"line":21},"3":{"loc":{"start":{"line":42,"column":4},"end":{"line":47,"column":5}},"type":"if","locations":[{"start":{"line":42,"column":4},"end":{"line":47,"column":5}},{"start":{},"end":{}}],"line":42},"4":{"loc":{"start":{"line":42,"column":8},"end":{"line":42,"column":41}},"type":"binary-expr","locations":[{"start":{"line":42,"column":8},"end":{"line":42,"column":13}},{"start":{"line":42,"column":17},"end":{"line":42,"column":41}}],"line":42},"5":{"loc":{"start":{"line":44,"column":6},"end":{"line":46,"column":7}},"type":"if","locations":[{"start":{"line":44,"column":6},"end":{"line":46,"column":7}},{"start":{},"end":{}}],"line":44},"6":{"loc":{"start":{"line":51,"column":39},"end":{"line":51,"column
[...]
":20},"end":{"line":123,"column":6}},"53":{"start":{"line":124,"column":4},"end":{"line":124,"column":94}},"54":{"start":{"line":127,"column":4},"end":{"line":127,"column":71}},"55":{"start":{"line":128,"column":4},"end":{"line":128,"column":41}},"56":{"start":{"line":130,"column":4},"end":{"line":130,"column":62}},"57":{"start":{"line":131,"column":4},"end":{"line":131,"column":45}}},"fnMap":{"0":{"name":"normalizeImageUrl","decl":{"start":{"line":7,"column":9},"end":{"line":7,"column":26}},"loc":{"start":{"line":7,"column":32},"end":{"line":13,"column":1}},"line":7},"1":{"name":"normalizeEvent","decl":{"start":{"line":15,"column":9},"end":{"line":15,"column":23}},"loc":{"start":{"line":15,"column":31},"end":{"line":40,"column":1}},"line":15},"2":{"name":"fetchAllZaragozaEvents","decl":{"start":{"line":42,"column":15},"end":{"line":42,"column":37}},"loc":{"start":{"line":42,"column":40},"end":{"line":84,"column":1}},"line":42},"3":{"name":"(anonymous_3)","decl":{"start":{"line":44,"column":29},"end":{"line":44,"column":30}},"loc":{"start":{"line":44,"column":35},"end":{"line":44,"column":53}},"line":44},"4":{"name":"syncEvents","decl":{"start":{"line":86,"column":22},"end":{"line":86,"column":32}},"loc":{"start":{"line":86,"column":35},"end":{"line":133,"column":1}},"line":86},"5":{"name":"(anonymous_5)","decl":{"start":{"line":90,"column":60},"end":{"line":90,"column":61}},"loc":{"start":{"line":90,"column":67},"end":{"line":90,"column":79}},"line":90},"6":{"name":"(anonymous_6)","decl":{"start":{"line":120,"column":39},"end":{"line":120,"column":40}},"loc":{"start":{"line":120,"column":46},"end":{"line":120,"column":58}},"line":120}},"branchMap":{"0":{"loc":{"start":{"line":8,"column":2},"end":{"line":8,"column":24}},"type":"if","locations":[{"start":{"line":8,"column":2},"end":{"line":8,"column":24}},{"start":{},"end":{}}],"line":8},"1":{"loc":{"start":{"line":9,"column":2},"end":{"line":9,"column":50}},"type":"if","locations":[{"start":{"line":9,"column":2},"end":{"line":9,"column":50}},{"start":{},"end":{}}],"line":9},"2":{"loc":{"start":{"line":10,"column":2},"end":{"line":10,"column":41}},"type":"if","locations":[{"start":{"line":10,"column":2},"end":{"line":10,"column":41}},{"start":{},"end":{}}],"line":10},"3":{"loc":{"start":{"line":11,"column":2},"end":{"line":11,"column":59}},"type":"if","locations":[{"start":{"line":11,"column":2},"end":{"line":11,"column":59}},{"start":{},"end":{}}],"line":11},"4":{"loc":{"start":{"line":16,"column":21},"end":{"line":16,"column":71}},"type":"cond-expr","locations":[{"start":{"line":16,"column":50},"end":{"line":16,"column":64}},{"start":{"line":16,"column":67},"end":{"line":16,"column":71}}],"line":16},"5":{"loc":{"start":{"line":17,"column":25},"end":{"line":17,"column":83}},"type":"cond-expr","locations":[{"start":{"line":17,"column":58},"end":{"line":17,"column":76}},{"start":{"line":17,"column":79},"end":{"line":17,"column":83}}],"line":17},"6":{"loc":{"start":{"line":18,"column":25},"end":{"line":20,"column":10}},"type":"cond-expr","locations":[{"start":{"line":19,"column":6},"end":{"line":19,"column":32}},{"start":{"line":20,"column":6},"end":{"line":20,"column":10}}],"line":18},"7":{"loc":{"start":{"line":26,"column":10},"end":{"line":26,"column":48}},"type":"binary-expr","locations":[{"start":{"line":26,"column":10},"end":{"line":26,"column":35}},{"start":{"line":26,"column":39},"end":{"line":26,"column":48}}],"line":26},"8":{"loc":{"start":{"line":27,"column":13},"end":{"line":27,"column":36}},"type":"binary-expr","locations":[{"start":{"line":27,"column":13},"end":{"line":27,"column":23}},{"start":{"line":27,"column":27},"end":{"line":27,"column":36}}],"line":27},"9":{"loc":{"start":{"line":30,"column":15},"end":{"line":30,"column":35}},"type":"binary-expr","locations":[{"start":{"line":30,"column":15},"end":{"line":30,"column":29}},{"start":{"line":30,"column":33},"end":{"line":30,"column":35}}],"line":30},"10":{"loc":{"start":{"line":31,"column":17},"end":{"line":33,"column":32}},"type":"cond-expr","locations":[{"start":{"line":32,"column":8},"end":{"line":32,"column":74}},{"start":{"line":33,"column":8},"end":{"line":33,"column":32}}],"line":31},"11":{"loc":{"start":{"line":32,"column":15},"end":{"line":32,"column":40}},"type":"binary-expr","locations":[{"start":{"line":32,"column":15},"end":{"line":32,"column":32}},{"start":{"line":32,"column":36},"end":{"line":32,"column":40}}],"line":32},"12":{"loc":{"start":{"line":32,"column":47},"end":{"line":32,"column":72}},"type":"binary-expr","locations":[{"start":{"line":32,"column":47},"end":{"line":32,"column":64}},{"start":{"line":32,"column":68},"end":{"line":32,"column":72}}],"line":32},"13":{"loc":{"start":{"line":35,"column":21},"end":{"line":35,"column":52}},"type":"binary-expr","locations":[{"start":{"line":35,"column":21},"end":{"line":35,"column":44}},{"start":{"line":35,"column":48},"end":{"line":35,"column":52}}],"line":35},"14":{"loc":{"start":{"line":36,"column":15},"end":{"line":36,"column":30}},"type":"binary-expr","locations":[{"start":{"line":36,"column":15},"end":{"line":36,"column":24}},{"start":{"line":36,"column":28},"end":{"line":36,"column":30}}],"line":36},"15":{"loc":{"start":{"line":37,"column":15},"end":{"line":37,"column":42}},"type":"binary-expr","locations":[{"start":{"line":37,"column":15},"end":{"line":37,"column":36}},{"start":{"line":37,"column":40},"end":{"line":37,"column":42}}],"line":37},"16":{"loc":{"start":{"line":51,"column":11},"end":{"line":51,"column":59}},"type":"binary-expr","locations":[{"start":{"line":51,"column":11},"end":{"line":51,"column":30}},{"start":{"line":51,"column":34},"end":{"line":51,"column":59}}],"line":51},"17":{"loc":{"start":{"line":67,"column":8},"end":{"line":67,"column":84}},"type":"if","locations":[{"start":{"line":67,"column":8},"end":{"line":67,"column":84}},{"start":{},"end":{}}],"line":67},"18":{"loc":{"start":{"line":69,"column":8},"end":{"line":75,"column":9}},"type":"if","locations":[{"start":{"line":69,"column":8},"end":{"line":75,"column":9}},{"start":{},"end":{}}],"line":69},"19":{"loc":{"start":{"line":71,"column":10},"end":{"line":71,"column":69}},"type":"if","locations":[{"start":{"line":71,"column":10},"end":{"line":71,"column":69}},{"start":{},"end":{}}],"line":71},"20":{"loc":{"start":{"line":71,"column":48},"end":{"line":71,"column":68}},"type":"binary-expr","locations":[{"start":{"line":71,"column":48},"end":{"line":71,"column":63}},{"start":{"line":71,"column":67},"end":{"line":71,"column":68}}],"line":71},"21":{"loc":{"start":{"line":72,"column":26},"end":{"line":72,"column":43}},"type":"binary-expr","locations":[{"start":{"line":72,"column":26},"end":{"line":72,"column":37}},{"start":{"line":72,"column":41},"end":{"line":72,"column":43}}],"line":72},"22":{"loc":{"start":{"line":76,"column":8},"end":{"line":76,"column":65}},"type":"if","locations":[{"start":{"line":76,"column":8},"end":{"line":76,"column":65}},{"start":{},"end":{}}],"line":76}},"s":{"0":1,"1":1,"2":2,"3":0,"4":2,"5":2,"6":0,"7":0,"8":0,"9":0,"10":0,"11":2,"12":2,"13":2,"14":2,"15":3,"16":3,"17":0,"18":3,"19":3,"20":3,"21":3,"22":3,"23":3,"24":3,"25":3,"26":4,"27":4,"28":1,"29":3,"30":3,"31":2,"32":2,"33":2,"34":2,"35":2,"36":2,"37":1,"38":0,"39":2,"40":3,"41":3,"42":3,"43":3,"44":2,"45":2,"46":2,"47":2,"48":2,"49":2,"50":2,"51":2,"52":2,"53":2,"54":2,"55":2,"56":1,"57":1},"f":{"0":2,"1":2,"2":3,"3":0,"4":3,"5":2,"6":2},"b":{"0":[0,2],"1":[2,0],"2":[0,0],"3":[0,0],"4":[2,0],"5":[2,0],"6":[2,0],"7":[2,2],"8":[2,0],"9":[2,0],"10":[2,0],"11":[2,0],"12":[2,0],"13":[2,0],"14":[2,0],"15":[2,0],"16":[5,2],"17":[1,3],"18":[2,1],"19":[2,0],"20":[2,0],"21":[2,0],"22":[0,1]},"inputSourceMap":null,"_coverageSchema":"1a1c01bbd47fc00a2c39e90264f33305004495a9","hash":"96476c6b561ea8b3c69778c3497825dd43c389b0"}
,"C:\\Users\\Samuel\\Documents\\GitHub\\celix\\backend\\src\\services\\geminiService.js": {"path":"C:\\Users\\Samuel\\Documents\\GitHub\\celix\\backend\\src\\services\\geminiService.js","statementMap":{"0":{"start":{"line":4,"column":14},"end":{"line":4,"column":64}},"1":{"start":{"line":8,"column":34},"end":{"line":83,"column":1}},"2":{"start":{"line":9,"column":2},"end":{"line":82,"column":3}},"3":{"start":{"line":10,"column":4},"end":{"line":10,"column":66}},"4":{"start":{"line":12,"column":18},"end":{"line":12,"column":76}},"5":{"start":{"line":15,"column":31},"end":{"line":20,"column":7}},"6":{"start":{"line":15,"column":57},"end":{"line":20,"column":5}},"7":{"start":{"line":22,"column":19},"end":{"line":51,"column":5}},"8":{"start":{"line":53,"column":19},"end":{"line":66,"column":6}},"9":{"start":{"line":68,"column":25},"end":{"line":68,"column":47}},"10":{"start":{"line":69,"column":4},"end":{"line":69,"column":77}},"11":{"start":{"line":71,"column":17},"end":{"line":71,"column":41}},"12":{"start":{"line":73,"column":4},"end":{"line":76,"column":5}},"13":{"start":{"line":74,"column":6},"end":{"line":74,"column":70}},"14":{"start":{"line":75,"column":6},"end":{"line":75,"column":28}},"15":{"start":{"line":78,"column":4},"end":{"line":78,"column":16}},"16":{"start":{"line":80,"column":4},"end":{"line":80,"column":56}},"17":{"start":{"line":81,"column":4},"end":{"line":81,"column":16}}},"fnMap":{"0":{"name":"(anonymous_0)","decl":{"start":{"line":8,"column":34},"end":{"line":8,"column":35}},"loc":{"start":{"line":8,"column":79},"end":{"line":83,"column":1}},"line":8},"1":{"name":"(anonymous_1)","decl":{"start":{"line":15,"column":51},"end":{"line":15,"column":52}},"loc":{"start":{"line":15,"column":57},"end":{"line":20,"column":5}},"line":15}},"branchMap":{"0":{"loc":{"start":{"line":73,"column":4},"end":{"line":76,"column":5}},"type":"if","locations":[{"start":{"line":73,"column":4},"end":{"line":76,"column":5}},{"start":{},"end":{}}],"line":73}},"s":{"0":1,"1":1,"2":0,"3":0,"4":0,"5":0,"6":0,"7":0,"8":0,"9":0,"10":0,"11":0,"12":0,"13":0,"14":0,"15":0,"16":0,"17":0},"f":{"0":0,"1":0},"b":{"0":[0,0]},"inputSourceMap":null,"_coverageSchema":"1a1c01bbd47fc00a2c39e90264f33305004495a9","hash":"d41fdaa6fbfa5a343bf74d7df59f320957b7b363"}
,"C:\\Users\\Samuel\\Documents\\GitHub\\celix\\backend\\src\\socket\\index.js": {"path":"C:\\Users\\Samuel\\Documents\\GitHub\\celix\\backend\\src\\socket\\index.js","statementMap":{"0":{"start":{"line":7,"column":13},"end":{"line":13,"column":4}},"1":{"start":{"line":16,"column":2},"end":{"line":27,"column":5}},"2":{"start":{"line":17,"column":18},"end":{"line":17,"column":46}},"3":{"start":{"line":18,"column":4},"end":{"line":18,"column":51}},"4":{"start":{"line":18,"column":16},"end":{"line":18,"column":51}},"5":{"start":{"line":20,"column":4},"end":{"line":26,"column":5}},"6":{"start":{"line":21,"column":22},"end":{"line":21,"column":63}},"7":{"start":{"line":22,"column":6},"end":{"line":22,"column":63}},"8":{"start":{"line":23,"column":6},"end":{"line":23,"column":13}},"9":{"start":{"line":25,"column":6},"end":{"line":25,"column":40}},"10":{"start":{"line":30,"column":2},"end":{"line":143,"column":5}},"11":{"start":{"line":31,"column":4},"end":{"line":31,"column":57}},"12":{"start":{"line":34,"column":4},"end":{"line":34,"column":41}},"13":{"start":{"line":37,"column":4},"end":{"line":50,"column":7}},"14":{"start":{"line":38,"column":6},"end":{"line":49,"column":7}},"15":{"start":{"line":40,"column":21},"end":{"line":43,"column":10}},"16":{"start":{"line":44,"column":8},"end":{"line":44,"column":77}},"17":{"start":{"line":44,"column":19},"end":{"line":44,"column":77}},"18":{"start":{"line":46,"column":8},"end":{"line":46,"column":46}},"19":{"start":{"line":48,"column":8},"end":{"line":48,"column":66}},"20":{"start":{"line":53,"column":4},"end":{"line":55,"column":7}},"21":{"start":{"line":54,"column":6},"end":{"line":54,"column":45}},"22":{"start":{"line":58,"column":4},"end":{"line":114,"column":7}},"23":{"start":{"line":59,"column":6},"end":{"line":113,"column":7}},"24":{"start":{"line":60,"column":8},"end":{"line":60,"column":39}},"25":{"start":{"line":60,"column":32},"end":{"line":60,"column":39}},"26":{"start":{"line":62,"column":29},"end":{"line":65,"column":47}},"27":{"start":{"line":67,"column":8},"end":{"line":67,"column":85}},"28":{"start":{"line":67,"column":27},"end":{"line":67,"column":85}},"29":{"start":{"line":70,"column":24},"end":{"line":75,"column":10}},"30":{"start":{"line":77,"column":8},"end":{"line":77,"column":67}},"31":{"start":{"line":80,"column":26},"end":{"line":80,"column":60}},"32":{"start":{"line":81,"column":8},"end":{"line":88,"column":11}},"33":{"start":{"line":82,"column":22},"end":{"line":82,"column":46}},"34":{"start":{"line":83,"column":10},"end":{"line":87,"column":11}},"35":{"start":{"line":84,"column":12},"end":{"line":84,"column":34}},"36":{"start":{"line":86,"column":12},"end":{"line":86,"column":62}},"37":{"start":{"line":89,"column":8},"end":{"line":89,"column":42}},"38":{"start":{"line":90,"column":8},"end":{"line":90,"column":68}},"39":{"start":{"line":91,"column":8},"end":{"line":91,"column":53}},"40":{"start":{"line":92,"column":8},"end":{"line":92,"column":34}},"41":{"start":{"line":95,"column":8},"end":{"line":95,"column":69}},"42":{"start":{"line":99,"column":8},"end":{"line":109,"column":11}},"43":{"start":{"line":100,"column":22},"end":{"line":100,"column":46}},"44":{"start":{"line":101,"column":10},"end":{"line":108,"column":11}},"45":{"start":{"line":102,"column":12},"end":{"line":107,"column":15}},"46":{"start":{"line":111,"column":8},"end":{"line":111,"column":53}},"47":{"start":{"line":112,"column":8},"end":{"line":112,"column":59}},"48":{"start":{"line":117,"column":4},"end":{"line":137,"column":7}},"49":{"start":{"line":118,"column":6},"end":{"line":136,"column":7}},"50":{"start":{"line":119,"column":29},"end":{"line":122,"column":10}},"51":{"start":{"line":123,"column":8},"end":{"line":123,"column":34}},"52":{"start":{"line":123,"column":27},"end":{"line":123,"column":34}},"53":{"start":{"line":125,"column":26},"end":{"line":125,"column":60}},"54":{"start":{"line":126,"column":8},"end":{"line":126,"column":40}},"55":{"start":{"line":127,"column":8},"end":{"line":127,"column":42}},"56":{"start":{"line":128,"column":8},"end":{"line":128,"column":34}},"57":{"start":{"line":130,"column":8},"end":{"line":133,"column":10}},"58":{"start":{"line":135,"column":8},"end":{"line":135,"column":58}},"59":{"start":{"line":140,"column":4},"end":{"line":142,"column":7}},"60":{"start":{"line":141,"column":6},"end":{"line":141,"column":62}},"61":{"start":{"line":145,"column":2},"end":{"line":145,"column":12}}},"fnMap":{"0":{"name":"initSocket","decl":{"start":{"line":6,"column":16},"end":{"line":6,"column":26}},"loc":{"start":{"line":6,"column":39},"end":{"line":146,"column":1}},"line":6},"1":{"name":"(anonymous_1)","decl":{"start":{"line":16,"column":9},"end":{"line":16,"column":10}},"loc":{"start":{"line":16,"column":27},"end":{"line":27,"column":3}},"line":16},"2":{"name":"(anonymous_2)","decl":{"start":{"line":30,"column":22},"end":{"line":30,"column":23}},"loc":{"start":{"line":30,"column":34},"end":{"line":143,"column":3}},"line":30},"3":{"name":"(anonymous_3)","decl":{"start":{"line":37,"column":35},"end":{"line":37,"column":36}},"loc":{"start":{"line":37,"column":61},"end":{"line":50,"column":5}},"line":37},"4":{"name":"(anonymous_4)","decl":{"start":{"line":53,"column":36},"end":{"line":53,"column":37}},"loc":{"start":{"line":53,"column":56},"end":{"line":55,"column":5}},"line":53},"5":{"name":"(anonymous_5)","decl":{"start":{"line":58,"column":30},"end":{"line":58,"column":31}},"loc":{"start":{"line":58,"column":71},"end":{"line":114,"column":5}},"line":58},"6":{"name":"(anonymous_6)","decl":{"start":{"line":81,"column":43},"end":{"line":81,"column":44}},"loc":{"start":{"line":81,"column":62},"end":{"line":88,"column":9}},"line":81},"7":{"name":"(anonymous_7)","decl":{"start":{"line":99,"column":43},"end":{"line":99,"column":44}},"loc":{"start":{"line":99,"column":62},"end":{"line":109,"column":9}},"line":99},"8":{"name":"(anonymous_8)","decl":{"start":{"line":117,"column":35},"end":{"line":117,"column":36}},"loc":{"start":{"line":117,"column":61},"end":{"line":137,"column":5}},"line":117},"9":{"name":"(anonymous_9)","decl":{"start":{"line":140,"column":28},"end":{"line":140,"column":29}},"loc":{"start":{"line":140,"column":34},"end":{"line":142,"column":5}},"line":140}},"branchMap":{"0":{"loc":{"start":{"line":9,"column":14},"end":{"line":9,"column":65}},"type":"binary-expr","locations":[{"start":{"line":9,"column":14},"end":{"line":9,"column":38}},{"start":{"line":9,"column":42},"end":{"line":9,"column":65}}],"line":9},"1":{"loc":{"start":{"line":18,"column":4},"end":{"line":18,"column":51}},"type":"if","locations":[{"start":{"line":18,"column":4},"end":{"line":18,"column":51}},{"start":{},"end":{}}],"line":18},"2":{"loc":{"start":{"line":22,"column":22},"end":{"line":22,"column":62}},"type":"binary-expr","locations":[{"start":{"line":22,"column":22},"end":{"line":22,"column":32}},{"start":{"line":22,"column":36},"end":{"line":22,"column":47}},{"start":{"line":22,"column":51},"end":{"line":22,"column":62}}],"line":22},"3":{"loc":{"start":{"line":44,"column":8},"end":{"line":44,"column":77}},"type":"if","locations":[{"start":{"line":44,"column":8},"end":{"line":44,"column":77}},{"start":{},"end":{}}],"line":44},"4":{"loc":{"start":{"line":60,"column":8},"end":{"line":60,"column":39}},"type":"if","locations":[{"start":{"line":60,"column":8},"end":{"line":60,"column":39}},{"start":{},"end":{}}],"line":60},"5":{"loc":{"start":{"line":67,"column":8},"end":{"line":67,"column":85}},"type":"if","locations":[{"start":{"line":67,"column":8},"end":{"line":67,"column":85}},{"start":{},"end":{}}],"line":67},"6":{"loc":{"start":{"line":80,"column":26},"end":{"line":80,"column":60}},"type":"binary-expr","locations":[{"start":{"line":80,"column":26},"end":{"line":80,"column":47}},{"start":{"line":80,"column":51},"end":{"line":80,"column":60}}],"line":80},"7":{"loc":{"start":{"line":83,"column":10},"end":{"line":87,"column":11}},"type":"if","locations":[{"start":{"line":83,"column":10},"end":{"line":87,"column":11}},{"start":{"line":85,"column":17},"end":{"line":87,"column":11}}],"line":83},"8":{"loc":{"start":{"line":86,"column":32},"end":{"line":86,"column":55}},"type":"binary-expr","locations":[{"start":{"line":86,"column":32},"end":{"line":86,"column":50}},{"start":{"line":86,"column":54},"end":{"line":86,"column":55}}],"line":86},"9":{"loc":{"start":{"line":101,"column":10},"end":{"line":108,"column":11}},"type":"if","locations":[{"start":{"line":101,"column":10},"end":{"line":108,"column":11}},{"start":{},"end":{}}],"line":101},"10":{"loc":{"start":{"line":106,"column":24},"end":{"line":106,"column":47}},"type":"binary-expr","locations":[{"start":{"line":106,"column":24},"end":{"line":106,"column":42}},{"start":{"line":106,"column":46},"end":{"line":106,"column":47}}],"line":106},"11":{"loc":{"start":{"line":123,"column":8},"end":{"line":123,"column":34}},"type":"if","locations":[{"start":{"line":123,"column":8},"end":{"line":123,"column":34}},{"start":{},"end":{}}],"line":123},"12":{"loc":{"start":{"line":125,"column":26},"end":{"line":125,"column":60}},"type":"binary-expr","locations":[{"start":{"line":125,"column":26},"end":{"line":125,"column":47}},{"start":{"line":125,"column":51},"end":{"line":125,"column":60}}],"line":125}},"s":{"0":0,"1":0,"2":0,"3":0,"4":0,"5":0,"6":0,"7":0,"8":0,"9":0,"10":0,"11":0,"12":0,"13":0,"14":0,"15":0,"16":0,"17":0,"18":0,"19":0,"20":0,"21":0,"22":0,"23":0,"24":0,"25":0,"26":0,"27":0,"28":0,"29":0,"30":0,"31":0,"32":0,"33":0,"34":0,"35":0,"36":0,"37":0,"38":0,"39":0,"40":0,"41":0,"42":0,"43":0,"44":0,"45":0,"46":0,"47":0,"48":0,"49":0,"50":0,"51":0,"52":0,"53":0,"54":0,"55":0,"56":0,"57":0,"58":0,"59":0,"60":0,"61":0},"f":{"0":0,"1":0,"2":0,"3":0,"4":0,"5":0,"6":0,"7":0,"8":0,"9":0},"b":{"0":[0,0],"1":[0,0],"2":[0,0,0],"3":[0,0],"4":[0,0],"5":[0,0],"6":[0,0],"7":[0,0],"8":[0,0],"9":[0,0],"10":[0,0],"11":[0,0],"12":[0,0]},"inputSourceMap":null}
}
