TN:
SF:src\app.js
FN:15,(anonymous_0)
FN:19,(anonymous_1)
FNF:2
FNH:0
FNDA:0,(anonymous_0)
FNDA:0,(anonymous_1)
DA:10,0
DA:12,0
DA:13,0
DA:15,0
DA:16,0
DA:19,0
DA:20,0
DA:22,0
DA:23,0
DA:29,0
DA:35,0
DA:36,0
DA:38,0
DA:39,0
LF:14
LH:0
BRDA:22,0,0,0
BRDA:22,0,1,0
BRF:2
BRH:0
end_of_record
TN:
SF:src\config\db.js
FN:3,(anonymous_0)
FNF:1
FNH:0
FNDA:0,(anonymous_0)
DA:3,0
DA:4,0
DA:5,0
DA:6,0
DA:7,0
DA:8,0
DA:11,0
DA:13,0
DA:15,0
LF:9
LH:0
BRDA:6,0,0,0
BRDA:6,0,1,0
BRF:2
BRH:0
end_of_record
TN:
SF:src\config\swagger.js
FNF:0
FNH:0
DA:3,0
DA:27,0
DA:32,0
LF:3
LH:0
BRF:0
BRH:0
end_of_record
TN:
SF:src\controllers\admin.controller.js
FN:13,(anonymous_0)
FN:47,(anonymous_1)
FN:69,(anonymous_2)
FN:91,(anonymous_3)
FN:107,(anonymous_4)
FN:147,(anonymous_5)
FN:167,(anonymous_6)
FN:178,(anonymous_7)
FN:201,(anonymous_8)
FN:231,(anonymous_9)
FN:245,(anonymous_10)
FNF:11
FNH:8
FNDA:1,(anonymous_0)
FNDA:1,(anonymous_1)
FNDA:0,(anonymous_2)
FNDA:1,(anonymous_3)
FNDA:1,(anonymous_4)
FNDA:1,(anonymous_5)
FNDA:0,(anonymous_6)
FNDA:1,(anonymous_7)
FNDA:1,(anonymous_8)
FNDA:1,(anonymous_9)
FNDA:0,(anonymous_10)
DA:13,1
DA:14,1
DA:15,1
DA:16,1
DA:17,1
DA:19,1
DA:20,1
DA:21,1
DA:22,1
DA:24,1
DA:33,1
DA:38,1
DA:44,0
DA:47,1
DA:48,1
DA:49,1
DA:55,1
DA:57,1
DA:58,0
DA:65,1
DA:66,0
DA:69,1
DA:70,0
DA:71,0
DA:77,0
DA:79,0
DA:80,0
DA:87,0
DA:88,0
DA:91,1
DA:92,1
DA:93,1
DA:99,1
DA:101,1
DA:102,0
DA:107,1
DA:108,1
DA:109,1
DA:110,1
DA:111,1
DA:113,1
DA:114,1
DA:115,0
DA:121,1
DA:122,1
DA:124,1
DA:133,1
DA:138,1
DA:144,0
DA:147,1
DA:148,1
DA:150,1
DA:151,0
DA:154,1
DA:160,1
DA:162,1
DA:163,0
DA:168,0
DA:171,1
DA:174,1
DA:175,0
DA:178,1
DA:179,1
DA:180,1
DA:186,1
DA:188,1
DA:189,0
DA:195,1
DA:196,0
DA:201,1
DA:202,1
DA:203,1
DA:204,1
DA:205,1
DA:207,1
DA:208,1
DA:209,1
DA:210,1
DA:212,1
DA:217,1
DA:222,1
DA:228,0
DA:231,1
DA:232,1
DA:233,1
DA:239,1
DA:241,1
DA:242,0
DA:245,1
DA:246,0
DA:247,0
DA:253,0
DA:255,0
DA:256,0
LF:94
LH:68
BRDA:15,0,0,1
BRDA:15,0,1,1
BRDA:16,1,0,1
BRDA:16,1,1,1
BRDA:20,2,0,0
BRDA:20,2,1,1
BRDA:21,3,0,0
BRDA:21,3,1,1
BRDA:22,4,0,0
BRDA:22,4,1,1
BRDA:55,5,0,0
BRDA:55,5,1,1
BRDA:57,6,0,0
BRDA:57,6,1,1
BRDA:77,7,0,0
BRDA:77,7,1,0
BRDA:79,8,0,0
BRDA:79,8,1,0
BRDA:99,9,0,0
BRDA:99,9,1,1
BRDA:109,10,0,1
BRDA:109,10,1,1
BRDA:110,11,0,1
BRDA:110,11,1,1
BRDA:114,12,0,0
BRDA:114,12,1,1
BRDA:121,13,0,0
BRDA:121,13,1,1
BRDA:122,14,0,0
BRDA:122,14,1,1
BRDA:150,15,0,0
BRDA:150,15,1,1
BRDA:160,16,0,0
BRDA:160,16,1,1
BRDA:162,17,0,0
BRDA:162,17,1,1
BRDA:162,18,0,1
BRDA:162,18,1,0
BRDA:166,19,0,0
BRDA:166,19,1,0
BRDA:186,20,0,0
BRDA:186,20,1,1
BRDA:188,21,0,0
BRDA:188,21,1,1
BRDA:203,22,0,1
BRDA:203,22,1,1
BRDA:204,23,0,1
BRDA:204,23,1,1
BRDA:208,24,0,0
BRDA:208,24,1,1
BRDA:209,25,0,0
BRDA:209,25,1,1
BRDA:210,26,0,0
BRDA:210,26,1,1
BRDA:239,27,0,0
BRDA:239,27,1,1
BRDA:253,28,0,0
BRDA:253,28,1,0
BRF:58
BRH:31
end_of_record
TN:
SF:src\controllers\auth.controller.js
FN:4,signToken
FN:8,userPublic
FN:26,(anonymous_2)
FN:48,(anonymous_3)
FN:72,(anonymous_4)
FN:86,(anonymous_5)
FN:90,(anonymous_6)
FNF:7
FNH:6
FNDA:2,signToken
FNDA:3,userPublic
FNDA:2,(anonymous_2)
FNDA:2,(anonymous_3)
FNDA:3,(anonymous_4)
FNDA:0,(anonymous_5)
FNDA:2,(anonymous_6)
DA:5,2
DA:9,3
DA:26,1
DA:27,2
DA:28,2
DA:30,2
DA:31,2
DA:32,1
DA:33,1
DA:36,1
DA:44,1
DA:45,0
DA:48,1
DA:49,2
DA:50,2
DA:51,2
DA:53,2
DA:54,2
DA:57,1
DA:58,1
DA:59,1
DA:62,1
DA:64,1
DA:66,1
DA:68,0
DA:72,1
DA:73,3
DA:74,3
DA:75,3
DA:76,3
DA:77,1
DA:79,2
DA:80,1
DA:82,1
DA:83,0
DA:86,1
DA:87,0
DA:90,1
DA:91,2
DA:92,2
DA:93,2
DA:96,2
DA:97,1
DA:101,1
DA:107,1
DA:109,0
LF:46
LH:41
BRDA:20,0,0,3
BRDA:20,0,1,0
BRDA:21,1,0,3
BRDA:21,1,1,0
BRDA:31,2,0,1
BRDA:31,2,1,1
BRDA:32,3,0,1
BRDA:32,3,1,0
BRDA:54,4,0,1
BRDA:54,4,1,1
BRDA:57,5,0,1
BRDA:57,5,1,0
BRDA:58,6,0,1
BRDA:58,6,1,0
BRDA:59,7,0,1
BRDA:59,7,1,0
BRDA:62,8,0,1
BRDA:62,8,1,1
BRDA:62,8,2,1
BRDA:76,9,0,1
BRDA:76,9,1,2
BRDA:76,10,0,3
BRDA:76,10,1,3
BRDA:79,11,0,1
BRDA:79,11,1,1
BRDA:96,12,0,1
BRDA:96,12,1,1
BRF:27
BRH:21
end_of_record
TN:
SF:src\controllers\conversations.controller.js
FN:3,(anonymous_0)
FN:32,(anonymous_1)
FN:60,(anonymous_2)
FN:80,(anonymous_3)
FN:104,(anonymous_4)
FNF:5
FNH:5
FNDA:1,(anonymous_0)
FNDA:1,(anonymous_1)
FNDA:1,(anonymous_2)
FNDA:2,(anonymous_3)
FNDA:1,(anonymous_4)
DA:3,1
DA:5,1
DA:6,1
DA:7,1
DA:9,1
DA:11,1
DA:12,1
DA:21,1
DA:28,0
DA:32,1
DA:34,1
DA:35,1
DA:37,1
DA:38,1
DA:40,0
DA:41,0
DA:42,0
DA:50,0
DA:56,0
DA:60,1
DA:61,1
DA:62,1
DA:63,1
DA:65,1
DA:66,1
DA:67,0
DA:70,1
DA:77,1
DA:78,1
DA:80,1
DA:81,2
DA:82,2
DA:83,1
DA:85,1
DA:89,1
DA:90,1
DA:91,1
DA:92,1
DA:94,1
DA:100,0
DA:104,1
DA:105,1
DA:106,1
DA:107,1
DA:109,1
DA:110,0
DA:114,1
DA:118,1
DA:119,0
DA:123,1
DA:126,1
DA:128,1
DA:130,0
LF:53
LH:42
BRDA:5,0,0,1
BRDA:5,0,1,1
BRDA:6,1,0,1
BRDA:6,1,1,1
BRDA:35,2,0,1
BRDA:35,2,1,1
BRDA:38,3,0,1
BRDA:38,3,1,0
BRDA:66,4,0,0
BRDA:66,4,1,1
BRDA:78,5,0,1
BRDA:78,5,1,0
BRDA:82,6,0,1
BRDA:82,6,1,1
BRDA:85,7,0,1
BRDA:85,7,1,1
BRDA:109,8,0,0
BRDA:109,8,1,1
BRDA:118,9,0,0
BRDA:118,9,1,1
BRF:20
BRH:15
end_of_record
TN:
SF:src\controllers\events.controller.js
FN:153,(anonymous_0)
FN:190,(anonymous_1)
FNF:2
FNH:1
FNDA:1,(anonymous_0)
FNDA:0,(anonymous_1)
DA:153,1
DA:154,1
DA:155,1
DA:156,1
DA:157,1
DA:159,1
DA:160,1
DA:161,1
DA:164,1
DA:165,1
DA:166,1
DA:167,1
DA:168,1
DA:169,0
DA:170,0
DA:171,0
DA:174,1
DA:179,1
DA:185,0
DA:190,1
DA:191,0
DA:192,0
DA:193,0
DA:195,0
LF:24
LH:16
BRDA:155,0,0,1
BRDA:155,0,1,0
BRDA:156,1,0,1
BRDA:156,1,1,0
BRDA:160,2,0,0
BRDA:160,2,1,1
BRDA:161,3,0,0
BRDA:161,3,1,1
BRDA:161,4,0,1
BRDA:161,4,1,1
BRDA:166,5,0,0
BRDA:166,5,1,1
BRDA:167,6,0,0
BRDA:167,6,1,1
BRDA:168,7,0,0
BRDA:168,7,1,1
BRF:16
BRH:9
end_of_record
TN:
SF:src\controllers\instalaciones.controller.js
FN:5,utmToLatLng
FN:57,normalizeInstalacion
FN:82,(anonymous_2)
FN:85,(anonymous_3)
FN:103,(anonymous_4)
FNF:5
FNH:4
FNDA:1,utmToLatLng
FNDA:1,normalizeInstalacion
FNDA:1,(anonymous_2)
FNDA:0,(anonymous_3)
FNDA:1,(anonymous_4)
DA:1,1
DA:2,1
DA:7,1
DA:8,1
DA:9,1
DA:10,1
DA:11,1
DA:12,1
DA:13,1
DA:15,1
DA:16,1
DA:18,1
DA:19,1
DA:21,1
DA:23,1
DA:28,1
DA:29,1
DA:30,1
DA:31,1
DA:32,1
DA:35,1
DA:44,1
DA:51,1
DA:58,1
DA:60,1
DA:61,1
DA:63,1
DA:65,1
DA:66,1
DA:70,1
DA:82,1
DA:83,1
DA:84,1
DA:85,1
DA:87,1
DA:88,1
DA:96,1
DA:97,0
DA:100,1
DA:101,1
DA:103,1
DA:105,1
DA:111,1
DA:114,0
LF:44
LH:42
BRDA:61,0,0,1
BRDA:61,0,1,0
BRDA:61,1,0,1
BRDA:61,1,1,1
BRDA:65,2,0,1
BRDA:65,2,1,0
BRDA:65,3,0,1
BRDA:65,3,1,1
BRDA:65,3,2,1
BRDA:65,3,3,1
BRDA:72,4,0,1
BRDA:72,4,1,0
BRDA:73,5,0,1
BRDA:73,5,1,1
BRDA:74,6,0,1
BRDA:74,6,1,1
BRDA:75,7,0,1
BRDA:75,7,1,1
BRDA:76,8,0,1
BRDA:76,8,1,1
BRDA:77,9,0,1
BRDA:77,9,1,1
BRDA:96,10,0,0
BRDA:96,10,1,1
BRDA:101,11,0,1
BRDA:101,11,1,0
BRDA:103,12,0,1
BRDA:103,12,1,1
BRF:28
BRH:23
end_of_record
TN:
SF:src\controllers\posts.controller.js
FN:5,postPublic
FN:10,(anonymous_1)
FN:18,(anonymous_2)
FN:38,(anonymous_3)
FN:48,(anonymous_4)
FN:70,(anonymous_5)
FN:81,(anonymous_6)
FN:105,(anonymous_7)
FN:129,(anonymous_8)
FN:144,(anonymous_9)
FN:144,(anonymous_10)
FN:145,(anonymous_11)
FN:158,(anonymous_12)
FN:166,(anonymous_13)
FN:176,(anonymous_14)
FN:198,(anonymous_15)
FN:203,(anonymous_16)
FN:219,(anonymous_17)
FN:224,(anonymous_18)
FN:235,(anonymous_19)
FN:254,(anonymous_20)
FNF:21
FNH:13
FNDA:4,postPublic
FNDA:1,(anonymous_1)
FNDA:1,(anonymous_2)
FNDA:1,(anonymous_3)
FNDA:1,(anonymous_4)
FNDA:1,(anonymous_5)
FNDA:1,(anonymous_6)
FNDA:0,(anonymous_7)
FNDA:0,(anonymous_8)
FNDA:0,(anonymous_9)
FNDA:0,(anonymous_10)
FNDA:0,(anonymous_11)
FNDA:0,(anonymous_12)
FNDA:0,(anonymous_13)
FNDA:1,(anonymous_14)
FNDA:1,(anonymous_15)
FNDA:0,(anonymous_16)
FNDA:1,(anonymous_17)
FNDA:2,(anonymous_18)
FNDA:1,(anonymous_19)
FNDA:1,(anonymous_20)
DA:6,4
DA:7,4
DA:10,1
DA:18,1
DA:19,1
DA:20,1
DA:21,1
DA:22,1
DA:24,1
DA:25,1
DA:27,1
DA:36,1
DA:38,1
DA:42,0
DA:48,1
DA:49,1
DA:50,1
DA:51,1
DA:52,1
DA:54,1
DA:55,1
DA:57,1
DA:59,1
DA:68,1
DA:70,1
DA:74,0
DA:81,1
DA:82,1
DA:83,1
DA:85,1
DA:94,1
DA:96,1
DA:99,0
DA:103,1
DA:105,1
DA:106,0
DA:108,0
DA:109,0
DA:112,0
DA:113,0
DA:114,0
DA:115,0
DA:116,0
DA:121,0
DA:126,0
DA:129,0
DA:134,0
DA:137,0
DA:140,0
DA:141,0
DA:143,0
DA:144,0
DA:145,0
DA:147,0
DA:149,0
DA:153,0
DA:154,0
DA:155,0
DA:158,0
DA:159,0
DA:164,0
DA:166,0
DA:170,0
DA:176,1
DA:177,1
DA:178,1
DA:179,1
DA:180,0
DA:182,1
DA:183,1
DA:187,0
DA:188,0
DA:190,0
DA:192,0
DA:198,1
DA:199,1
DA:200,1
DA:201,1
DA:203,1
DA:204,1
DA:205,0
DA:208,1
DA:209,1
DA:211,1
DA:213,0
DA:219,1
DA:220,1
DA:221,1
DA:222,1
DA:224,2
DA:225,1
DA:227,1
DA:229,0
DA:235,1
DA:236,1
DA:237,1
DA:238,1
DA:239,1
DA:241,1
DA:243,1
DA:252,1
DA:254,1
DA:258,0
LF:103
LH:63
BRDA:6,0,0,4
BRDA:6,0,1,0
BRDA:9,1,0,4
BRDA:9,1,1,0
BRDA:12,2,0,4
BRDA:12,2,1,0
BRDA:20,3,0,1
BRDA:20,3,1,1
BRDA:21,4,0,1
BRDA:21,4,1,1
BRDA:25,5,0,0
BRDA:25,5,1,1
BRDA:50,6,0,1
BRDA:50,6,1,1
BRDA:51,7,0,1
BRDA:51,7,1,1
BRDA:55,8,0,1
BRDA:55,8,1,0
BRDA:91,9,0,1
BRDA:91,9,1,1
BRDA:112,10,0,0
BRDA:112,10,1,0
BRDA:114,11,0,0
BRDA:114,11,1,0
BRDA:140,12,0,0
BRDA:140,12,1,0
BRDA:140,13,0,0
BRDA:140,13,1,0
BRDA:153,14,0,0
BRDA:153,14,1,0
BRDA:154,15,0,0
BRDA:154,15,1,0
BRDA:179,16,0,0
BRDA:179,16,1,1
BRDA:179,17,0,1
BRDA:179,17,1,1
BRDA:182,18,0,1
BRDA:182,18,1,0
BRDA:201,19,0,0
BRDA:201,19,1,1
BRDA:204,20,0,0
BRDA:204,20,1,1
BRDA:222,21,0,0
BRDA:222,21,1,1
BRDA:237,22,0,1
BRDA:237,22,1,1
BRDA:238,23,0,1
BRDA:238,23,1,1
BRF:48
BRH:26
end_of_record
TN:
SF:src\controllers\users.controller.js
FN:5,userPublic
FN:22,(anonymous_1)
FN:30,(anonymous_2)
FN:37,(anonymous_3)
FN:51,(anonymous_4)
FN:75,(anonymous_5)
FN:87,(anonymous_6)
FN:99,(anonymous_7)
FN:116,(anonymous_8)
FN:132,(anonymous_9)
FN:144,(anonymous_10)
FN:156,(anonymous_11)
FN:174,(anonymous_12)
FN:183,(anonymous_13)
FN:227,(anonymous_14)
FN:231,(anonymous_15)
FN:238,(anonymous_16)
FNF:17
FNH:11
FNDA:2,userPublic
FNDA:1,(anonymous_1)
FNDA:0,(anonymous_2)
FNDA:2,(anonymous_3)
FNDA:8,(anonymous_4)
FNDA:1,(anonymous_5)
FNDA:1,(anonymous_6)
FNDA:0,(anonymous_7)
FNDA:1,(anonymous_8)
FNDA:1,(anonymous_9)
FNDA:1,(anonymous_10)
FNDA:2,(anonymous_11)
FNDA:1,(anonymous_12)
FNDA:0,(anonymous_13)
FNDA:0,(anonymous_14)
FNDA:0,(anonymous_15)
FNDA:0,(anonymous_16)
DA:6,2
DA:22,1
DA:30,1
DA:31,0
DA:37,1
DA:38,2
DA:39,2
DA:42,2
DA:43,1
DA:44,1
DA:45,1
DA:49,1
DA:51,8
DA:54,1
DA:67,1
DA:69,0
DA:75,1
DA:76,1
DA:77,1
DA:78,1
DA:79,0
DA:81,0
DA:87,1
DA:88,1
DA:89,1
DA:90,1
DA:92,1
DA:93,0
DA:96,1
DA:97,1
DA:99,1
DA:100,1
DA:101,0
DA:105,1
DA:106,1
DA:108,1
DA:110,0
DA:116,1
DA:117,1
DA:118,1
DA:119,1
DA:121,1
DA:122,1
DA:124,1
DA:126,0
DA:132,1
DA:133,1
DA:134,1
DA:135,1
DA:136,1
DA:138,0
DA:144,1
DA:145,1
DA:146,1
DA:147,1
DA:148,1
DA:150,0
DA:156,1
DA:157,2
DA:158,2
DA:159,2
DA:161,1
DA:172,1
DA:174,1
DA:177,0
DA:183,1
DA:184,0
DA:185,0
DA:187,0
DA:188,0
DA:189,0
DA:191,0
DA:193,0
DA:227,0
DA:228,0
DA:229,0
DA:230,0
DA:231,0
DA:232,0
DA:238,0
DA:243,0
DA:252,0
LF:82
LH:55
BRDA:18,0,0,2
BRDA:18,0,1,0
BRDA:19,1,0,2
BRDA:19,1,1,0
BRDA:21,2,0,2
BRDA:21,2,1,0
BRDA:42,3,0,1
BRDA:42,3,1,1
BRDA:42,4,0,2
BRDA:42,4,1,1
BRDA:44,5,0,1
BRDA:44,5,1,0
BRDA:51,6,0,8
BRDA:51,6,1,5
BRDA:59,7,0,1
BRDA:59,7,1,0
BRDA:59,7,2,1
BRDA:59,7,3,0
BRDA:59,7,4,1
BRDA:61,8,0,1
BRDA:61,8,1,0
BRDA:78,9,0,1
BRDA:78,9,1,0
BRDA:92,10,0,0
BRDA:92,10,1,1
BRDA:97,11,0,0
BRDA:97,11,1,1
BRDA:100,12,0,0
BRDA:100,12,1,1
BRDA:135,13,0,0
BRDA:135,13,1,1
BRDA:147,14,0,0
BRDA:147,14,1,1
BRDA:159,15,0,1
BRDA:159,15,1,1
BRDA:234,16,0,0
BRDA:234,16,1,0
BRDA:239,17,0,0
BRDA:239,17,1,0
BRDA:247,18,0,0
BRDA:247,18,1,0
BRF:41
BRH:22
end_of_record
TN:
SF:src\middlewares\auth.middleware.js
FN:5,(anonymous_0)
FN:47,(anonymous_1)
FN:47,(anonymous_2)
FNF:3
FNH:3
FNDA:8,(anonymous_0)
FNDA:5,(anonymous_1)
FNDA:5,(anonymous_2)
DA:5,1
DA:6,8
DA:8,8
DA:9,8
DA:10,1
DA:14,7
DA:15,7
DA:16,7
DA:17,6
DA:18,1
DA:23,5
DA:24,5
DA:26,2
DA:33,3
DA:34,3
DA:35,2
DA:38,1
DA:39,1
DA:40,1
DA:41,1
DA:43,1
DA:47,5
DA:48,5
DA:49,4
DA:50,2
DA:51,2
LF:26
LH:26
BRDA:9,0,0,1
BRDA:9,0,1,7
BRDA:17,1,0,1
BRDA:17,1,1,5
BRDA:28,2,0,1
BRDA:28,2,1,1
BRDA:34,3,0,1
BRDA:34,3,1,2
BRDA:35,4,0,1
BRDA:35,4,1,1
BRDA:48,5,0,1
BRDA:48,5,1,4
BRDA:49,6,0,2
BRDA:49,6,1,2
BRF:14
BRH:14
end_of_record
TN:
SF:src\middlewares\error.middleware.js
FN:1,(anonymous_0)
FNF:1
FNH:0
FNDA:0,(anonymous_0)
DA:1,0
DA:2,0
DA:3,0
DA:5,0
DA:6,0
DA:9,0
LF:6
LH:0
BRDA:2,0,0,0
BRDA:2,0,1,0
BRDA:3,1,0,0
BRDA:3,1,1,0
BRDA:5,2,0,0
BRDA:5,2,1,0
BRF:6
BRH:0
end_of_record
TN:
SF:src\middlewares\notFound.middleware.js
FN:1,(anonymous_0)
FNF:1
FNH:0
FNDA:0,(anonymous_0)
DA:1,0
DA:2,0
LF:2
LH:0
BRF:0
BRH:0
end_of_record
TN:
SF:src\middlewares\validate.middleware.js
FN:1,(anonymous_0)
FN:2,(anonymous_1)
FN:9,(anonymous_2)
FN:10,(anonymous_3)
FN:31,(anonymous_4)
FN:32,(anonymous_5)
FN:33,(anonymous_6)
FNF:7
FNH:0
FNDA:0,(anonymous_0)
FNDA:0,(anonymous_1)
FNDA:0,(anonymous_2)
FNDA:0,(anonymous_3)
FNDA:0,(anonymous_4)
FNDA:0,(anonymous_5)
FNDA:0,(anonymous_6)
DA:1,0
DA:2,0
DA:9,0
DA:10,0
DA:11,0
DA:13,0
DA:14,0
DA:15,0
DA:19,0
DA:26,0
DA:27,0
DA:31,0
DA:32,0
DA:33,0
LF:14
LH:0
BRDA:13,0,0,0
BRDA:13,0,1,0
BRDA:15,1,0,0
BRDA:15,1,1,0
BRF:4
BRH:0
end_of_record
TN:
SF:src\models\BlacklistedToken.js
FNF:0
FNH:0
DA:3,0
DA:14,0
DA:16,0
LF:3
LH:0
BRF:0
BRH:0
end_of_record
TN:
SF:src\models\Conversation.js
FN:14,(anonymous_0)
FN:25,(anonymous_1)
FN:35,(anonymous_2)
FNF:3
FNH:0
FNDA:0,(anonymous_0)
FNDA:0,(anonymous_1)
FNDA:0,(anonymous_2)
DA:3,0
DA:14,0
DA:19,0
DA:21,0
DA:25,0
DA:35,0
DA:40,0
DA:41,0
LF:8
LH:0
BRF:0
BRH:0
end_of_record
TN:
SF:src\models\Event.js
FN:88,(anonymous_0)
FN:98,(anonymous_1)
FNF:2
FNH:0
FNDA:0,(anonymous_0)
FNDA:0,(anonymous_1)
DA:3,0
DA:89,0
DA:90,0
DA:91,0
DA:92,0
DA:98,0
DA:99,0
DA:102,0
DA:103,0
DA:104,0
DA:106,0
LF:11
LH:0
BRDA:99,0,0,0
BRDA:99,0,1,0
BRF:2
BRH:0
end_of_record
TN:
SF:src\models\Post.js
FN:19,(anonymous_0)
FN:26,(anonymous_1)
FNF:2
FNH:0
FNDA:0,(anonymous_0)
FNDA:0,(anonymous_1)
DA:3,0
DA:20,0
DA:26,0
DA:27,0
DA:28,0
DA:29,0
DA:31,0
DA:33,0
LF:8
LH:0
BRDA:26,0,0,0
BRDA:26,0,1,0
BRF:2
BRH:0
end_of_record
TN:
SF:src\models\User.js
FN:47,(anonymous_0)
FN:58,(anonymous_1)
FN:59,(anonymous_2)
FN:61,(anonymous_3)
FN:67,(anonymous_4)
FNF:5
FNH:0
FNDA:0,(anonymous_0)
FNDA:0,(anonymous_1)
FNDA:0,(anonymous_2)
FNDA:0,(anonymous_3)
FNDA:0,(anonymous_4)
DA:4,0
DA:6,0
DA:14,0
DA:48,0
DA:49,0
DA:50,0
DA:51,0
DA:52,0
DA:58,0
DA:59,0
DA:61,0
DA:62,0
DA:63,0
DA:64,0
DA:67,0
DA:68,0
DA:69,0
DA:71,0
DA:75,0
DA:77,0
LF:20
LH:0
BRDA:58,0,0,0
BRDA:58,0,1,0
BRDA:59,1,0,0
BRDA:59,1,1,0
BRDA:62,2,0,0
BRDA:62,2,1,0
BRF:6
BRH:0
end_of_record
TN:
SF:src\models\index.js
FNF:0
FNH:0
LF:0
LH:0
BRF:0
BRH:0
end_of_record
TN:
SF:src\routes\index.js
FNF:0
FNH:0
DA:4,0
DA:6,0
LF:2
LH:0
BRF:0
BRH:0
end_of_record
TN:
SF:src\routes\v1\admin.routes.js
FNF:0
FNH:0
DA:10,0
DA:20,0
DA:60,0
DA:82,0
DA:104,0
DA:126,0
DA:166,0
DA:190,0
DA:212,0
DA:252,0
DA:274,0
DA:296,0
DA:298,0
LF:13
LH:0
BRF:0
BRH:0
end_of_record
TN:
SF:src\routes\v1\auth.routes.js
FNF:0
FNH:0
DA:7,0
DA:49,0
DA:80,0
DA:94,0
DA:108,0
LF:5
LH:0
BRF:0
BRH:0
end_of_record
TN:
SF:src\routes\v1\conversations.routes.js
FNF:0
FNH:0
DA:17,0
DA:77,0
DA:78,0
DA:138,0
DA:139,0
LF:5
LH:0
BRF:0
BRH:0
end_of_record
TN:
SF:src\routes\v1\events.routes.js
FNF:0
FNH:0
DA:4,0
DA:54,0
LF:2
LH:0
BRF:0
BRH:0
end_of_record
TN:
SF:src\routes\v1\index.js
FNF:0
FNH:0
DA:10,0
DA:12,0
DA:13,0
DA:14,0
DA:15,0
DA:16,0
DA:17,0
DA:18,0
LF:8
LH:0
BRF:0
BRH:0
end_of_record
TN:
SF:src\routes\v1\instalaciones.routes.js
FNF:0
FNH:0
DA:5,0
DA:17,0
LF:2
LH:0
BRF:0
BRH:0
end_of_record
TN:
SF:src\routes\v1\posts.routes.js
FNF:0
FNH:0
DA:16,0
DA:47,0
DA:70,0
DA:98,0
DA:154,0
DA:155,0
DA:177,0
DA:209,0
DA:210,0
LF:9
LH:0
BRF:0
BRH:0
end_of_record
TN:
SF:src\routes\v1\users.routes.js
FNF:0
FNH:0
DA:12,0
DA:38,0
DA:118,0
DA:119,0
DA:139,0
DA:173,0
DA:174,0
DA:192,0
DA:210,0
DA:226,0
LF:10
LH:0
BRF:0
BRH:0
end_of_record
TN:
SF:src\schemas\auth.schema.js
FNF:0
FNH:0
DA:3,0
DA:13,0
LF:2
LH:0
BRF:0
BRH:0
end_of_record
TN:
SF:src\schemas\conversations.schema.js
FNF:0
FNH:0
DA:3,0
DA:7,0
DA:11,0
LF:3
LH:0
BRF:0
BRH:0
end_of_record
TN:
SF:src\schemas\posts.schema.js
FNF:0
FNH:0
DA:3,0
LF:1
LH:0
BRF:0
BRH:0
end_of_record
TN:
SF:src\schemas\users.schema.js
FNF:0
FNH:0
DA:3,0
DA:8,0
LF:2
LH:0
BRF:0
BRH:0
end_of_record
TN:
SF:src\services\email.service.js
FN:11,sendPostHiddenEmail
FN:31,sendPostRestoredEmail
FN:50,sendUserBlockedEmail
FN:69,sendUserUnblockedEmail
FNF:4
FNH:0
FNDA:0,sendPostHiddenEmail
FNDA:0,sendPostRestoredEmail
FNDA:0,sendUserBlockedEmail
FNDA:0,sendUserUnblockedEmail
DA:3,1
DA:12,0
DA:32,0
DA:51,0
DA:70,0
LF:5
LH:1
BRDA:22,0,0,0
BRDA:22,0,1,0
BRDA:42,1,0,0
BRDA:42,1,1,0
BRDA:60,2,0,0
BRDA:60,2,1,0
BRF:6
BRH:0
end_of_record
TN:
SF:src\services\events.sync.js
FN:7,normalizeImageUrl
FN:15,normalizeEvent
FN:42,fetchAllZaragozaEvents
FN:44,(anonymous_3)
FN:86,syncEvents
FN:90,(anonymous_5)
FN:120,(anonymous_6)
FNF:7
FNH:6
FNDA:2,normalizeImageUrl
FNDA:2,normalizeEvent
FNDA:3,fetchAllZaragozaEvents
FNDA:0,(anonymous_3)
FNDA:3,syncEvents
FNDA:2,(anonymous_5)
FNDA:2,(anonymous_6)
DA:4,1
DA:5,1
DA:8,2
DA:9,2
DA:10,0
DA:11,0
DA:12,0
DA:16,2
DA:17,2
DA:18,2
DA:22,2
DA:43,3
DA:44,3
DA:46,3
DA:47,3
DA:48,3
DA:49,3
DA:51,3
DA:52,3
DA:62,3
DA:63,4
DA:67,4
DA:68,3
DA:69,3
DA:70,2
DA:71,2
DA:72,2
DA:73,2
DA:74,2
DA:76,1
DA:80,2
DA:82,3
DA:87,3
DA:88,3
DA:89,3
DA:90,2
DA:92,2
DA:93,2
DA:94,2
DA:116,2
DA:120,2
DA:121,2
DA:124,2
DA:127,2
DA:128,2
DA:130,1
DA:131,1
LF:47
LH:44
BRDA:8,0,0,0
BRDA:8,0,1,2
BRDA:9,1,0,2
BRDA:9,1,1,0
BRDA:10,2,0,0
BRDA:10,2,1,0
BRDA:11,3,0,0
BRDA:11,3,1,0
BRDA:16,4,0,2
BRDA:16,4,1,0
BRDA:17,5,0,2
BRDA:17,5,1,0
BRDA:18,6,0,2
BRDA:18,6,1,0
BRDA:26,7,0,2
BRDA:26,7,1,2
BRDA:27,8,0,2
BRDA:27,8,1,0
BRDA:30,9,0,2
BRDA:30,9,1,0
BRDA:31,10,0,2
BRDA:31,10,1,0
BRDA:32,11,0,2
BRDA:32,11,1,0
BRDA:32,12,0,2
BRDA:32,12,1,0
BRDA:35,13,0,2
BRDA:35,13,1,0
BRDA:36,14,0,2
BRDA:36,14,1,0
BRDA:37,15,0,2
BRDA:37,15,1,0
BRDA:51,16,0,5
BRDA:51,16,1,2
BRDA:67,17,0,1
BRDA:67,17,1,3
BRDA:69,18,0,2
BRDA:69,18,1,1
BRDA:71,19,0,2
BRDA:71,19,1,0
BRDA:71,20,0,2
BRDA:71,20,1,0
BRDA:72,21,0,2
BRDA:72,21,1,0
BRDA:76,22,0,0
BRDA:76,22,1,1
BRF:46
BRH:25
end_of_record
TN:
SF:src\services\geminiService.js
FN:8,(anonymous_0)
FN:15,(anonymous_1)
FNF:2
FNH:0
FNDA:0,(anonymous_0)
FNDA:0,(anonymous_1)
DA:4,1
DA:8,1
DA:9,0
DA:10,0
DA:12,0
DA:15,0
DA:22,0
DA:53,0
DA:68,0
DA:69,0
DA:71,0
DA:73,0
DA:74,0
DA:75,0
DA:78,0
DA:80,0
DA:81,0
LF:17
LH:2
BRDA:73,0,0,0
BRDA:73,0,1,0
BRF:2
BRH:0
end_of_record
TN:
SF:src\socket\index.js
FN:6,initSocket
FN:16,(anonymous_1)
FN:30,(anonymous_2)
FN:37,(anonymous_3)
FN:53,(anonymous_4)
FN:58,(anonymous_5)
FN:81,(anonymous_6)
FN:99,(anonymous_7)
FN:117,(anonymous_8)
FN:140,(anonymous_9)
FNF:10
FNH:0
FNDA:0,initSocket
FNDA:0,(anonymous_1)
FNDA:0,(anonymous_2)
FNDA:0,(anonymous_3)
FNDA:0,(anonymous_4)
FNDA:0,(anonymous_5)
FNDA:0,(anonymous_6)
FNDA:0,(anonymous_7)
FNDA:0,(anonymous_8)
FNDA:0,(anonymous_9)
DA:7,0
DA:16,0
DA:17,0
DA:18,0
DA:20,0
DA:21,0
DA:22,0
DA:23,0
DA:25,0
DA:30,0
DA:31,0
DA:34,0
DA:37,0
DA:38,0
DA:40,0
DA:44,0
DA:46,0
DA:48,0
DA:53,0
DA:54,0
DA:58,0
DA:59,0
DA:60,0
DA:62,0
DA:67,0
DA:70,0
DA:77,0
DA:80,0
DA:81,0
DA:82,0
DA:83,0
DA:84,0
DA:86,0
DA:89,0
DA:90,0
DA:91,0
DA:92,0
DA:95,0
DA:99,0
DA:100,0
DA:101,0
DA:102,0
DA:111,0
DA:112,0
DA:117,0
DA:118,0
DA:119,0
DA:123,0
DA:125,0
DA:126,0
DA:127,0
DA:128,0
DA:130,0
DA:135,0
DA:140,0
DA:141,0
DA:145,0
LF:57
LH:0
BRDA:9,0,0,0
BRDA:9,0,1,0
BRDA:18,1,0,0
BRDA:18,1,1,0
BRDA:22,2,0,0
BRDA:22,2,1,0
BRDA:22,2,2,0
BRDA:44,3,0,0
BRDA:44,3,1,0
BRDA:60,4,0,0
BRDA:60,4,1,0
BRDA:67,5,0,0
BRDA:67,5,1,0
BRDA:80,6,0,0
BRDA:80,6,1,0
BRDA:83,7,0,0
BRDA:83,7,1,0
BRDA:86,8,0,0
BRDA:86,8,1,0
BRDA:101,9,0,0
BRDA:101,9,1,0
BRDA:106,10,0,0
BRDA:106,10,1,0
BRDA:123,11,0,0
BRDA:123,11,1,0
BRDA:125,12,0,0
BRDA:125,12,1,0
BRF:27
BRH:0
end_of_record
